INFO - 2024-07-07 11:27:00 --> Session: Class initialized using 'CodeIgniter\Session\Handlers\FileHandler' driver.
INFO - 2024-07-07 11:27:00 --> Session: Class initialized using 'CodeIgniter\Session\Handlers\FileHandler' driver.
CRITICAL - 2024-07-07 11:27:04 --> Undefined variable $totalTime
in SYSTEMPATH\Debug\Toolbar\Views\toolbar.tpl.php on line 40.
 1 SYSTEMPATH\Debug\Toolbar\Views\toolbar.tpl.php(40): CodeIgniter\Debug\Exceptions->errorHandler(2, 'Undefined variable $totalTime', 'D:\\xampp\\htdocs\\ecommerce\\system\\Debug\\Toolbar\\Views\\toolbar.tpl.php', 40)
 2 SYSTEMPATH\Debug\Toolbar.php(511): include('D:\\xampp\\htdocs\\ecommerce\\system\\Debug\\Toolbar\\Views\\toolbar.tpl.php')
 3 SYSTEMPATH\Debug\Toolbar.php(474): CodeIgniter\Debug\Toolbar->format([...], 'html')
 4 APPPATH\Config\Events.php(47): CodeIgniter\Debug\Toolbar->respond()
 5 SYSTEMPATH\Events\Events.php(149): CodeIgniter\Events\Events::Config\{closure}()
 6 SYSTEMPATH\CodeIgniter.php(350): CodeIgniter\Events\Events::trigger('pre_system')
 7 FCPATH\index.php(67): CodeIgniter\CodeIgniter->run()
INFO - 2024-07-07 11:29:12 --> Session: Class initialized using 'CodeIgniter\Session\Handlers\FileHandler' driver.
INFO - 2024-07-07 11:29:16 --> Session: Class initialized using 'CodeIgniter\Session\Handlers\FileHandler' driver.
WARNING - 2024-07-07 11:29:16 --> [DEPRECATED] Required parameter $slug follows optional parameter $category in APPPATH\Controllers\Shop\Product.php on line 9.
 1 SYSTEMPATH\Autoloader\Autoloader.php(312): include_once()
 2 SYSTEMPATH\Autoloader\Autoloader.php(289): CodeIgniter\Autoloader\Autoloader->includeFile('D:\\xampp\\htdocs\\ecommerce\\app\\controllers\\Shop\\Product.php')
 3 SYSTEMPATH\Autoloader\Autoloader.php(267): CodeIgniter\Autoloader\Autoloader->loadInNamespace('App\\controllers\\Shop\\Product')
 4 [internal function]: CodeIgniter\Autoloader\Autoloader->loadClass('App\\controllers\\Shop\\Product')
 5 SYSTEMPATH\CodeIgniter.php(892): class_exists('\\App\\controllers\\Shop\\Product', true)
 6 SYSTEMPATH\CodeIgniter.php(486): CodeIgniter\CodeIgniter->startController()
 7 SYSTEMPATH\CodeIgniter.php(368): CodeIgniter\CodeIgniter->handleRequest(null, Object(Config\Cache), false)
 8 FCPATH\index.php(67): CodeIgniter\CodeIgniter->run()
INFO - 2024-07-07 11:29:16 --> Session: Class initialized using 'CodeIgniter\Session\Handlers\FileHandler' driver.
WARNING - 2024-07-07 11:29:19 --> [DEPRECATED] Required parameter $slug follows optional parameter $category in APPPATH\Controllers\Shop\Product.php on line 9.
 1 SYSTEMPATH\Autoloader\Autoloader.php(312): include_once()
 2 SYSTEMPATH\Autoloader\Autoloader.php(289): CodeIgniter\Autoloader\Autoloader->includeFile('D:\\xampp\\htdocs\\ecommerce\\app\\controllers\\Shop\\Product.php')
 3 SYSTEMPATH\Autoloader\Autoloader.php(267): CodeIgniter\Autoloader\Autoloader->loadInNamespace('App\\controllers\\Shop\\Product')
 4 [internal function]: CodeIgniter\Autoloader\Autoloader->loadClass('App\\controllers\\Shop\\Product')
 5 SYSTEMPATH\CodeIgniter.php(892): class_exists('\\App\\controllers\\Shop\\Product', true)
 6 SYSTEMPATH\CodeIgniter.php(486): CodeIgniter\CodeIgniter->startController()
 7 SYSTEMPATH\CodeIgniter.php(368): CodeIgniter\CodeIgniter->handleRequest(null, Object(Config\Cache), false)
 8 FCPATH\index.php(67): CodeIgniter\CodeIgniter->run()
INFO - 2024-07-07 11:29:19 --> Session: Class initialized using 'CodeIgniter\Session\Handlers\FileHandler' driver.
INFO - 2024-07-07 11:29:22 --> Session: Class initialized using 'CodeIgniter\Session\Handlers\FileHandler' driver.
WARNING - 2024-07-07 11:29:22 --> [DEPRECATED] Required parameter $slug follows optional parameter $category in APPPATH\Controllers\Shop\Product.php on line 9.
 1 SYSTEMPATH\Autoloader\Autoloader.php(312): include_once()
 2 SYSTEMPATH\Autoloader\Autoloader.php(289): CodeIgniter\Autoloader\Autoloader->includeFile('D:\\xampp\\htdocs\\ecommerce\\app\\controllers\\Shop\\Product.php')
 3 SYSTEMPATH\Autoloader\Autoloader.php(267): CodeIgniter\Autoloader\Autoloader->loadInNamespace('App\\controllers\\Shop\\Product')
 4 [internal function]: CodeIgniter\Autoloader\Autoloader->loadClass('App\\controllers\\Shop\\Product')
 5 SYSTEMPATH\CodeIgniter.php(892): class_exists('\\App\\controllers\\Shop\\Product', true)
 6 SYSTEMPATH\CodeIgniter.php(486): CodeIgniter\CodeIgniter->startController()
 7 SYSTEMPATH\CodeIgniter.php(368): CodeIgniter\CodeIgniter->handleRequest(null, Object(Config\Cache), false)
 8 FCPATH\index.php(67): CodeIgniter\CodeIgniter->run()
INFO - 2024-07-07 11:29:22 --> Session: Class initialized using 'CodeIgniter\Session\Handlers\FileHandler' driver.
WARNING - 2024-07-07 11:29:24 --> [DEPRECATED] Required parameter $slug follows optional parameter $category in APPPATH\Controllers\Shop\Product.php on line 9.
 1 SYSTEMPATH\Autoloader\Autoloader.php(312): include_once()
 2 SYSTEMPATH\Autoloader\Autoloader.php(289): CodeIgniter\Autoloader\Autoloader->includeFile('D:\\xampp\\htdocs\\ecommerce\\app\\controllers\\Shop\\Product.php')
 3 SYSTEMPATH\Autoloader\Autoloader.php(267): CodeIgniter\Autoloader\Autoloader->loadInNamespace('App\\controllers\\Shop\\Product')
 4 [internal function]: CodeIgniter\Autoloader\Autoloader->loadClass('App\\controllers\\Shop\\Product')
 5 SYSTEMPATH\CodeIgniter.php(892): class_exists('\\App\\controllers\\Shop\\Product', true)
 6 SYSTEMPATH\CodeIgniter.php(486): CodeIgniter\CodeIgniter->startController()
 7 SYSTEMPATH\CodeIgniter.php(368): CodeIgniter\CodeIgniter->handleRequest(null, Object(Config\Cache), false)
 8 FCPATH\index.php(67): CodeIgniter\CodeIgniter->run()
INFO - 2024-07-07 11:29:24 --> Session: Class initialized using 'CodeIgniter\Session\Handlers\FileHandler' driver.
WARNING - 2024-07-07 11:29:25 --> [DEPRECATED] Required parameter $slug follows optional parameter $category in APPPATH\Controllers\Shop\Product.php on line 9.
 1 SYSTEMPATH\Autoloader\Autoloader.php(312): include_once()
 2 SYSTEMPATH\Autoloader\Autoloader.php(289): CodeIgniter\Autoloader\Autoloader->includeFile('D:\\xampp\\htdocs\\ecommerce\\app\\controllers\\Shop\\Product.php')
 3 SYSTEMPATH\Autoloader\Autoloader.php(267): CodeIgniter\Autoloader\Autoloader->loadInNamespace('App\\controllers\\Shop\\Product')
 4 [internal function]: CodeIgniter\Autoloader\Autoloader->loadClass('App\\controllers\\Shop\\Product')
 5 SYSTEMPATH\CodeIgniter.php(892): class_exists('\\App\\controllers\\Shop\\Product', true)
 6 SYSTEMPATH\CodeIgniter.php(486): CodeIgniter\CodeIgniter->startController()
 7 SYSTEMPATH\CodeIgniter.php(368): CodeIgniter\CodeIgniter->handleRequest(null, Object(Config\Cache), false)
 8 FCPATH\index.php(67): CodeIgniter\CodeIgniter->run()
INFO - 2024-07-07 11:29:25 --> Session: Class initialized using 'CodeIgniter\Session\Handlers\FileHandler' driver.
WARNING - 2024-07-07 11:29:25 --> [DEPRECATED] Required parameter $slug follows optional parameter $category in APPPATH\Controllers\Shop\Product.php on line 9.
 1 SYSTEMPATH\Autoloader\Autoloader.php(312): include_once()
 2 SYSTEMPATH\Autoloader\Autoloader.php(289): CodeIgniter\Autoloader\Autoloader->includeFile('D:\\xampp\\htdocs\\ecommerce\\app\\controllers\\Shop\\Product.php')
 3 SYSTEMPATH\Autoloader\Autoloader.php(267): CodeIgniter\Autoloader\Autoloader->loadInNamespace('App\\controllers\\Shop\\Product')
 4 [internal function]: CodeIgniter\Autoloader\Autoloader->loadClass('App\\controllers\\Shop\\Product')
 5 SYSTEMPATH\CodeIgniter.php(892): class_exists('\\App\\controllers\\Shop\\Product', true)
 6 SYSTEMPATH\CodeIgniter.php(486): CodeIgniter\CodeIgniter->startController()
 7 SYSTEMPATH\CodeIgniter.php(368): CodeIgniter\CodeIgniter->handleRequest(null, Object(Config\Cache), false)
 8 FCPATH\index.php(67): CodeIgniter\CodeIgniter->run()
INFO - 2024-07-07 11:29:25 --> Session: Class initialized using 'CodeIgniter\Session\Handlers\FileHandler' driver.
INFO - 2024-07-07 11:29:28 --> Session: Class initialized using 'CodeIgniter\Session\Handlers\FileHandler' driver.
INFO - 2024-07-07 11:29:29 --> Session: Class initialized using 'CodeIgniter\Session\Handlers\FileHandler' driver.
CRITICAL - 2024-07-07 11:29:29 --> Undefined array key 0
in APPPATH\Views\Shop\page\cart.php on line 9.
 1 APPPATH\Views\Shop\page\cart.php(9): CodeIgniter\Debug\Exceptions->errorHandler(2, 'Undefined array key 0', 'D:\\xampp\\htdocs\\ecommerce\\app\\Views\\Shop\\page\\cart.php', 9)
 2 SYSTEMPATH\View\View.php(213): include('D:\\xampp\\htdocs\\ecommerce\\app\\Views\\Shop\\page\\cart.php')
 3 SYSTEMPATH\View\View.php(216): CodeIgniter\View\View->CodeIgniter\View\{closure}()
 4 SYSTEMPATH\Common.php(1184): CodeIgniter\View\View->render('Shop/page/cart', [], true)
 5 APPPATH\Controllers\Shop\Cart.php(46): view('Shop/page/cart', [...])
 6 SYSTEMPATH\CodeIgniter.php(934): App\Controllers\Shop\Cart->cart_view()
 7 SYSTEMPATH\CodeIgniter.php(499): CodeIgniter\CodeIgniter->runController(Object(App\Controllers\Shop\Cart))
 8 SYSTEMPATH\CodeIgniter.php(368): CodeIgniter\CodeIgniter->handleRequest(null, Object(Config\Cache), false)
 9 FCPATH\index.php(67): CodeIgniter\CodeIgniter->run()
INFO - 2024-07-07 11:29:49 --> Session: Class initialized using 'CodeIgniter\Session\Handlers\FileHandler' driver.
INFO - 2024-07-07 11:29:54 --> Session: Class initialized using 'CodeIgniter\Session\Handlers\FileHandler' driver.
INFO - 2024-07-07 11:30:40 --> Session: Class initialized using 'CodeIgniter\Session\Handlers\FileHandler' driver.
INFO - 2024-07-07 11:31:08 --> Session: Class initialized using 'CodeIgniter\Session\Handlers\FileHandler' driver.
INFO - 2024-07-07 11:31:11 --> Session: Class initialized using 'CodeIgniter\Session\Handlers\FileHandler' driver.
INFO - 2024-07-07 11:31:22 --> Session: Class initialized using 'CodeIgniter\Session\Handlers\FileHandler' driver.
INFO - 2024-07-07 11:31:29 --> Session: Class initialized using 'CodeIgniter\Session\Handlers\FileHandler' driver.
INFO - 2024-07-07 11:31:29 --> Session: Class initialized using 'CodeIgniter\Session\Handlers\FileHandler' driver.
INFO - 2024-07-07 11:32:10 --> Session: Class initialized using 'CodeIgniter\Session\Handlers\FileHandler' driver.
INFO - 2024-07-07 11:32:31 --> Session: Class initialized using 'CodeIgniter\Session\Handlers\FileHandler' driver.
INFO - 2024-07-07 11:32:56 --> Session: Class initialized using 'CodeIgniter\Session\Handlers\FileHandler' driver.
INFO - 2024-07-07 11:33:16 --> Session: Class initialized using 'CodeIgniter\Session\Handlers\FileHandler' driver.
WARNING - 2024-07-07 11:33:16 --> [DEPRECATED] Required parameter $slug follows optional parameter $category in APPPATH\Controllers\Shop\Product.php on line 9.
 1 SYSTEMPATH\Autoloader\Autoloader.php(312): include_once()
 2 SYSTEMPATH\Autoloader\Autoloader.php(289): CodeIgniter\Autoloader\Autoloader->includeFile('D:\\xampp\\htdocs\\ecommerce\\app\\controllers\\Shop\\Product.php')
 3 SYSTEMPATH\Autoloader\Autoloader.php(267): CodeIgniter\Autoloader\Autoloader->loadInNamespace('App\\controllers\\Shop\\Product')
 4 [internal function]: CodeIgniter\Autoloader\Autoloader->loadClass('App\\controllers\\Shop\\Product')
 5 SYSTEMPATH\CodeIgniter.php(892): class_exists('\\App\\controllers\\Shop\\Product', true)
 6 SYSTEMPATH\CodeIgniter.php(486): CodeIgniter\CodeIgniter->startController()
 7 SYSTEMPATH\CodeIgniter.php(368): CodeIgniter\CodeIgniter->handleRequest(null, Object(Config\Cache), false)
 8 FCPATH\index.php(67): CodeIgniter\CodeIgniter->run()
INFO - 2024-07-07 11:33:16 --> Session: Class initialized using 'CodeIgniter\Session\Handlers\FileHandler' driver.
INFO - 2024-07-07 11:33:18 --> Session: Class initialized using 'CodeIgniter\Session\Handlers\FileHandler' driver.
INFO - 2024-07-07 11:33:36 --> Session: Class initialized using 'CodeIgniter\Session\Handlers\FileHandler' driver.
INFO - 2024-07-07 11:34:16 --> Session: Class initialized using 'CodeIgniter\Session\Handlers\FileHandler' driver.
INFO - 2024-07-07 11:43:36 --> Session: Class initialized using 'CodeIgniter\Session\Handlers\FileHandler' driver.
INFO - 2024-07-07 11:44:23 --> Session: Class initialized using 'CodeIgniter\Session\Handlers\FileHandler' driver.
CRITICAL - 2024-07-07 11:44:23 --> Undefined array key 0
in APPPATH\Views\Shop\page\single_product.php on line 8.
 1 APPPATH\Views\Shop\page\single_product.php(8): CodeIgniter\Debug\Exceptions->errorHandler(2, 'Undefined array key 0', 'D:\\xampp\\htdocs\\ecommerce\\app\\Views\\Shop\\page\\single_product.php', 8)
 2 SYSTEMPATH\View\View.php(213): include('D:\\xampp\\htdocs\\ecommerce\\app\\Views\\Shop\\page\\single_product.php')
 3 SYSTEMPATH\View\View.php(216): CodeIgniter\View\View->CodeIgniter\View\{closure}()
 4 SYSTEMPATH\Common.php(1184): CodeIgniter\View\View->render('Shop/page/single_product', [], true)
 5 APPPATH\Views\Shop\page\homepage.php(92): view('Shop/page/single_product', [...])
 6 SYSTEMPATH\View\View.php(213): include('D:\\xampp\\htdocs\\ecommerce\\app\\Views\\Shop\\page\\homepage.php')
 7 SYSTEMPATH\View\View.php(216): CodeIgniter\View\View->CodeIgniter\View\{closure}()
 8 SYSTEMPATH\Common.php(1184): CodeIgniter\View\View->render('Shop/page/homepage', [], true)
 9 APPPATH\Controllers\Shop\Homepage.php(121): view('Shop/page/homepage', [...])
10 SYSTEMPATH\CodeIgniter.php(934): App\Controllers\Shop\Homepage->homepage()
11 SYSTEMPATH\CodeIgniter.php(499): CodeIgniter\CodeIgniter->runController(Object(App\Controllers\Shop\Homepage))
12 SYSTEMPATH\CodeIgniter.php(368): CodeIgniter\CodeIgniter->handleRequest(null, Object(Config\Cache), false)
13 FCPATH\index.php(67): CodeIgniter\CodeIgniter->run()
INFO - 2024-07-07 11:44:28 --> Session: Class initialized using 'CodeIgniter\Session\Handlers\FileHandler' driver.
CRITICAL - 2024-07-07 11:44:28 --> Undefined array key 0
in APPPATH\Views\Shop\page\single_product.php on line 8.
 1 APPPATH\Views\Shop\page\single_product.php(8): CodeIgniter\Debug\Exceptions->errorHandler(2, 'Undefined array key 0', 'D:\\xampp\\htdocs\\ecommerce\\app\\Views\\Shop\\page\\single_product.php', 8)
 2 SYSTEMPATH\View\View.php(213): include('D:\\xampp\\htdocs\\ecommerce\\app\\Views\\Shop\\page\\single_product.php')
 3 SYSTEMPATH\View\View.php(216): CodeIgniter\View\View->CodeIgniter\View\{closure}()
 4 SYSTEMPATH\Common.php(1184): CodeIgniter\View\View->render('Shop/page/single_product', [], true)
 5 APPPATH\Views\Shop\page\homepage.php(92): view('Shop/page/single_product', [...])
 6 SYSTEMPATH\View\View.php(213): include('D:\\xampp\\htdocs\\ecommerce\\app\\Views\\Shop\\page\\homepage.php')
 7 SYSTEMPATH\View\View.php(216): CodeIgniter\View\View->CodeIgniter\View\{closure}()
 8 SYSTEMPATH\Common.php(1184): CodeIgniter\View\View->render('Shop/page/homepage', [], true)
 9 APPPATH\Controllers\Shop\Homepage.php(121): view('Shop/page/homepage', [...])
10 SYSTEMPATH\CodeIgniter.php(934): App\Controllers\Shop\Homepage->homepage()
11 SYSTEMPATH\CodeIgniter.php(499): CodeIgniter\CodeIgniter->runController(Object(App\Controllers\Shop\Homepage))
12 SYSTEMPATH\CodeIgniter.php(368): CodeIgniter\CodeIgniter->handleRequest(null, Object(Config\Cache), false)
13 FCPATH\index.php(67): CodeIgniter\CodeIgniter->run()
INFO - 2024-07-07 11:44:36 --> Session: Class initialized using 'CodeIgniter\Session\Handlers\FileHandler' driver.
CRITICAL - 2024-07-07 11:44:36 --> Undefined array key 0
in APPPATH\Views\Shop\page\single_product.php on line 8.
 1 APPPATH\Views\Shop\page\single_product.php(8): CodeIgniter\Debug\Exceptions->errorHandler(2, 'Undefined array key 0', 'D:\\xampp\\htdocs\\ecommerce\\app\\Views\\Shop\\page\\single_product.php', 8)
 2 SYSTEMPATH\View\View.php(213): include('D:\\xampp\\htdocs\\ecommerce\\app\\Views\\Shop\\page\\single_product.php')
 3 SYSTEMPATH\View\View.php(216): CodeIgniter\View\View->CodeIgniter\View\{closure}()
 4 SYSTEMPATH\Common.php(1184): CodeIgniter\View\View->render('Shop/page/single_product', [], true)
 5 APPPATH\Views\Shop\page\homepage.php(92): view('Shop/page/single_product', [...])
 6 SYSTEMPATH\View\View.php(213): include('D:\\xampp\\htdocs\\ecommerce\\app\\Views\\Shop\\page\\homepage.php')
 7 SYSTEMPATH\View\View.php(216): CodeIgniter\View\View->CodeIgniter\View\{closure}()
 8 SYSTEMPATH\Common.php(1184): CodeIgniter\View\View->render('Shop/page/homepage', [], true)
 9 APPPATH\Controllers\Shop\Homepage.php(121): view('Shop/page/homepage', [...])
10 SYSTEMPATH\CodeIgniter.php(934): App\Controllers\Shop\Homepage->homepage()
11 SYSTEMPATH\CodeIgniter.php(499): CodeIgniter\CodeIgniter->runController(Object(App\Controllers\Shop\Homepage))
12 SYSTEMPATH\CodeIgniter.php(368): CodeIgniter\CodeIgniter->handleRequest(null, Object(Config\Cache), false)
13 FCPATH\index.php(67): CodeIgniter\CodeIgniter->run()
WARNING - 2024-07-07 11:45:15 --> [DEPRECATED] Required parameter $slug follows optional parameter $category in APPPATH\Controllers\Shop\Product.php on line 9.
 1 SYSTEMPATH\Autoloader\Autoloader.php(312): include_once()
 2 SYSTEMPATH\Autoloader\Autoloader.php(289): CodeIgniter\Autoloader\Autoloader->includeFile('D:\\xampp\\htdocs\\ecommerce\\app\\controllers\\Shop\\Product.php')
 3 SYSTEMPATH\Autoloader\Autoloader.php(267): CodeIgniter\Autoloader\Autoloader->loadInNamespace('App\\controllers\\Shop\\Product')
 4 [internal function]: CodeIgniter\Autoloader\Autoloader->loadClass('App\\controllers\\Shop\\Product')
 5 SYSTEMPATH\CodeIgniter.php(892): class_exists('\\App\\controllers\\Shop\\Product', true)
 6 SYSTEMPATH\CodeIgniter.php(486): CodeIgniter\CodeIgniter->startController()
 7 SYSTEMPATH\CodeIgniter.php(368): CodeIgniter\CodeIgniter->handleRequest(null, Object(Config\Cache), false)
 8 FCPATH\index.php(67): CodeIgniter\CodeIgniter->run()
INFO - 2024-07-07 11:45:15 --> Session: Class initialized using 'CodeIgniter\Session\Handlers\FileHandler' driver.
INFO - 2024-07-07 11:45:20 --> Session: Class initialized using 'CodeIgniter\Session\Handlers\FileHandler' driver.
WARNING - 2024-07-07 11:45:21 --> [DEPRECATED] Required parameter $slug follows optional parameter $category in APPPATH\Controllers\Shop\Product.php on line 9.
 1 SYSTEMPATH\Autoloader\Autoloader.php(312): include_once()
 2 SYSTEMPATH\Autoloader\Autoloader.php(289): CodeIgniter\Autoloader\Autoloader->includeFile('D:\\xampp\\htdocs\\ecommerce\\app\\controllers\\Shop\\Product.php')
 3 SYSTEMPATH\Autoloader\Autoloader.php(267): CodeIgniter\Autoloader\Autoloader->loadInNamespace('App\\controllers\\Shop\\Product')
 4 [internal function]: CodeIgniter\Autoloader\Autoloader->loadClass('App\\controllers\\Shop\\Product')
 5 SYSTEMPATH\CodeIgniter.php(892): class_exists('\\App\\controllers\\Shop\\Product', true)
 6 SYSTEMPATH\CodeIgniter.php(486): CodeIgniter\CodeIgniter->startController()
 7 SYSTEMPATH\CodeIgniter.php(368): CodeIgniter\CodeIgniter->handleRequest(null, Object(Config\Cache), false)
 8 FCPATH\index.php(67): CodeIgniter\CodeIgniter->run()
WARNING - 2024-07-07 11:45:21 --> [DEPRECATED] Required parameter $slug follows optional parameter $category in APPPATH\Controllers\Shop\Product.php on line 9.
 1 SYSTEMPATH\Autoloader\Autoloader.php(312): include_once()
 2 SYSTEMPATH\Autoloader\Autoloader.php(289): CodeIgniter\Autoloader\Autoloader->includeFile('D:\\xampp\\htdocs\\ecommerce\\app\\controllers\\Shop\\Product.php')
 3 SYSTEMPATH\Autoloader\Autoloader.php(267): CodeIgniter\Autoloader\Autoloader->loadInNamespace('App\\controllers\\Shop\\Product')
 4 [internal function]: CodeIgniter\Autoloader\Autoloader->loadClass('App\\controllers\\Shop\\Product')
 5 SYSTEMPATH\CodeIgniter.php(892): class_exists('\\App\\controllers\\Shop\\Product', true)
 6 SYSTEMPATH\CodeIgniter.php(486): CodeIgniter\CodeIgniter->startController()
 7 SYSTEMPATH\CodeIgniter.php(368): CodeIgniter\CodeIgniter->handleRequest(null, Object(Config\Cache), false)
 8 FCPATH\index.php(67): CodeIgniter\CodeIgniter->run()
INFO - 2024-07-07 11:45:21 --> Session: Class initialized using 'CodeIgniter\Session\Handlers\FileHandler' driver.
INFO - 2024-07-07 11:45:21 --> Session: Class initialized using 'CodeIgniter\Session\Handlers\FileHandler' driver.
WARNING - 2024-07-07 11:45:28 --> [DEPRECATED] Required parameter $slug follows optional parameter $category in APPPATH\Controllers\Shop\Product.php on line 9.
 1 SYSTEMPATH\Autoloader\Autoloader.php(312): include_once()
 2 SYSTEMPATH\Autoloader\Autoloader.php(289): CodeIgniter\Autoloader\Autoloader->includeFile('D:\\xampp\\htdocs\\ecommerce\\app\\controllers\\Shop\\Product.php')
 3 SYSTEMPATH\Autoloader\Autoloader.php(267): CodeIgniter\Autoloader\Autoloader->loadInNamespace('App\\controllers\\Shop\\Product')
 4 [internal function]: CodeIgniter\Autoloader\Autoloader->loadClass('App\\controllers\\Shop\\Product')
 5 SYSTEMPATH\CodeIgniter.php(892): class_exists('\\App\\controllers\\Shop\\Product', true)
 6 SYSTEMPATH\CodeIgniter.php(486): CodeIgniter\CodeIgniter->startController()
 7 SYSTEMPATH\CodeIgniter.php(368): CodeIgniter\CodeIgniter->handleRequest(null, Object(Config\Cache), false)
 8 FCPATH\index.php(67): CodeIgniter\CodeIgniter->run()
INFO - 2024-07-07 11:45:28 --> Session: Class initialized using 'CodeIgniter\Session\Handlers\FileHandler' driver.
WARNING - 2024-07-07 11:45:29 --> [DEPRECATED] Required parameter $slug follows optional parameter $category in APPPATH\Controllers\Shop\Product.php on line 9.
 1 SYSTEMPATH\Autoloader\Autoloader.php(312): include_once()
 2 SYSTEMPATH\Autoloader\Autoloader.php(289): CodeIgniter\Autoloader\Autoloader->includeFile('D:\\xampp\\htdocs\\ecommerce\\app\\controllers\\Shop\\Product.php')
 3 SYSTEMPATH\Autoloader\Autoloader.php(267): CodeIgniter\Autoloader\Autoloader->loadInNamespace('App\\controllers\\Shop\\Product')
 4 [internal function]: CodeIgniter\Autoloader\Autoloader->loadClass('App\\controllers\\Shop\\Product')
 5 SYSTEMPATH\CodeIgniter.php(892): class_exists('\\App\\controllers\\Shop\\Product', true)
 6 SYSTEMPATH\CodeIgniter.php(486): CodeIgniter\CodeIgniter->startController()
 7 SYSTEMPATH\CodeIgniter.php(368): CodeIgniter\CodeIgniter->handleRequest(null, Object(Config\Cache), false)
 8 FCPATH\index.php(67): CodeIgniter\CodeIgniter->run()
INFO - 2024-07-07 11:45:29 --> Session: Class initialized using 'CodeIgniter\Session\Handlers\FileHandler' driver.
WARNING - 2024-07-07 11:45:47 --> [DEPRECATED] Required parameter $slug follows optional parameter $category in APPPATH\Controllers\Shop\Product.php on line 9.
 1 SYSTEMPATH\Autoloader\Autoloader.php(312): include_once()
 2 SYSTEMPATH\Autoloader\Autoloader.php(289): CodeIgniter\Autoloader\Autoloader->includeFile('D:\\xampp\\htdocs\\ecommerce\\app\\controllers\\Shop\\Product.php')
 3 SYSTEMPATH\Autoloader\Autoloader.php(267): CodeIgniter\Autoloader\Autoloader->loadInNamespace('App\\controllers\\Shop\\Product')
 4 [internal function]: CodeIgniter\Autoloader\Autoloader->loadClass('App\\controllers\\Shop\\Product')
 5 SYSTEMPATH\CodeIgniter.php(892): class_exists('\\App\\controllers\\Shop\\Product', true)
 6 SYSTEMPATH\CodeIgniter.php(486): CodeIgniter\CodeIgniter->startController()
 7 SYSTEMPATH\CodeIgniter.php(368): CodeIgniter\CodeIgniter->handleRequest(null, Object(Config\Cache), false)
 8 FCPATH\index.php(67): CodeIgniter\CodeIgniter->run()
INFO - 2024-07-07 11:45:47 --> Session: Class initialized using 'CodeIgniter\Session\Handlers\FileHandler' driver.
WARNING - 2024-07-07 11:45:47 --> [DEPRECATED] Required parameter $slug follows optional parameter $category in APPPATH\Controllers\Shop\Product.php on line 9.
 1 SYSTEMPATH\Autoloader\Autoloader.php(312): include_once()
 2 SYSTEMPATH\Autoloader\Autoloader.php(289): CodeIgniter\Autoloader\Autoloader->includeFile('D:\\xampp\\htdocs\\ecommerce\\app\\controllers\\Shop\\Product.php')
 3 SYSTEMPATH\Autoloader\Autoloader.php(267): CodeIgniter\Autoloader\Autoloader->loadInNamespace('App\\controllers\\Shop\\Product')
 4 [internal function]: CodeIgniter\Autoloader\Autoloader->loadClass('App\\controllers\\Shop\\Product')
 5 SYSTEMPATH\CodeIgniter.php(892): class_exists('\\App\\controllers\\Shop\\Product', true)
 6 SYSTEMPATH\CodeIgniter.php(486): CodeIgniter\CodeIgniter->startController()
 7 SYSTEMPATH\CodeIgniter.php(368): CodeIgniter\CodeIgniter->handleRequest(null, Object(Config\Cache), false)
 8 FCPATH\index.php(67): CodeIgniter\CodeIgniter->run()
INFO - 2024-07-07 11:45:47 --> Session: Class initialized using 'CodeIgniter\Session\Handlers\FileHandler' driver.
WARNING - 2024-07-07 11:45:53 --> [DEPRECATED] Required parameter $slug follows optional parameter $category in APPPATH\Controllers\Shop\Product.php on line 9.
 1 SYSTEMPATH\Autoloader\Autoloader.php(312): include_once()
 2 SYSTEMPATH\Autoloader\Autoloader.php(289): CodeIgniter\Autoloader\Autoloader->includeFile('D:\\xampp\\htdocs\\ecommerce\\app\\controllers\\Shop\\Product.php')
 3 SYSTEMPATH\Autoloader\Autoloader.php(267): CodeIgniter\Autoloader\Autoloader->loadInNamespace('App\\controllers\\Shop\\Product')
 4 [internal function]: CodeIgniter\Autoloader\Autoloader->loadClass('App\\controllers\\Shop\\Product')
 5 SYSTEMPATH\CodeIgniter.php(892): class_exists('\\App\\controllers\\Shop\\Product', true)
 6 SYSTEMPATH\CodeIgniter.php(486): CodeIgniter\CodeIgniter->startController()
 7 SYSTEMPATH\CodeIgniter.php(368): CodeIgniter\CodeIgniter->handleRequest(null, Object(Config\Cache), false)
 8 FCPATH\index.php(67): CodeIgniter\CodeIgniter->run()
INFO - 2024-07-07 11:45:53 --> Session: Class initialized using 'CodeIgniter\Session\Handlers\FileHandler' driver.
WARNING - 2024-07-07 11:45:53 --> [DEPRECATED] Required parameter $slug follows optional parameter $category in APPPATH\Controllers\Shop\Product.php on line 9.
 1 SYSTEMPATH\Autoloader\Autoloader.php(312): include_once()
 2 SYSTEMPATH\Autoloader\Autoloader.php(289): CodeIgniter\Autoloader\Autoloader->includeFile('D:\\xampp\\htdocs\\ecommerce\\app\\controllers\\Shop\\Product.php')
 3 SYSTEMPATH\Autoloader\Autoloader.php(267): CodeIgniter\Autoloader\Autoloader->loadInNamespace('App\\controllers\\Shop\\Product')
 4 [internal function]: CodeIgniter\Autoloader\Autoloader->loadClass('App\\controllers\\Shop\\Product')
 5 SYSTEMPATH\CodeIgniter.php(892): class_exists('\\App\\controllers\\Shop\\Product', true)
 6 SYSTEMPATH\CodeIgniter.php(486): CodeIgniter\CodeIgniter->startController()
 7 SYSTEMPATH\CodeIgniter.php(368): CodeIgniter\CodeIgniter->handleRequest(null, Object(Config\Cache), false)
 8 FCPATH\index.php(67): CodeIgniter\CodeIgniter->run()
INFO - 2024-07-07 11:45:53 --> Session: Class initialized using 'CodeIgniter\Session\Handlers\FileHandler' driver.
WARNING - 2024-07-07 11:45:53 --> [DEPRECATED] Required parameter $slug follows optional parameter $category in APPPATH\Controllers\Shop\Product.php on line 9.
 1 SYSTEMPATH\Autoloader\Autoloader.php(312): include_once()
 2 SYSTEMPATH\Autoloader\Autoloader.php(289): CodeIgniter\Autoloader\Autoloader->includeFile('D:\\xampp\\htdocs\\ecommerce\\app\\controllers\\Shop\\Product.php')
 3 SYSTEMPATH\Autoloader\Autoloader.php(267): CodeIgniter\Autoloader\Autoloader->loadInNamespace('App\\controllers\\Shop\\Product')
 4 [internal function]: CodeIgniter\Autoloader\Autoloader->loadClass('App\\controllers\\Shop\\Product')
 5 SYSTEMPATH\CodeIgniter.php(892): class_exists('\\App\\controllers\\Shop\\Product', true)
 6 SYSTEMPATH\CodeIgniter.php(486): CodeIgniter\CodeIgniter->startController()
 7 SYSTEMPATH\CodeIgniter.php(368): CodeIgniter\CodeIgniter->handleRequest(null, Object(Config\Cache), false)
 8 FCPATH\index.php(67): CodeIgniter\CodeIgniter->run()
INFO - 2024-07-07 11:45:53 --> Session: Class initialized using 'CodeIgniter\Session\Handlers\FileHandler' driver.
INFO - 2024-07-07 11:45:58 --> Session: Class initialized using 'CodeIgniter\Session\Handlers\FileHandler' driver.
INFO - 2024-07-07 11:45:59 --> Session: Class initialized using 'CodeIgniter\Session\Handlers\FileHandler' driver.
INFO - 2024-07-07 11:46:02 --> Session: Class initialized using 'CodeIgniter\Session\Handlers\FileHandler' driver.
INFO - 2024-07-07 11:47:48 --> Session: Class initialized using 'CodeIgniter\Session\Handlers\FileHandler' driver.
INFO - 2024-07-07 11:47:58 --> Session: Class initialized using 'CodeIgniter\Session\Handlers\FileHandler' driver.
INFO - 2024-07-07 11:51:10 --> Session: Class initialized using 'CodeIgniter\Session\Handlers\FileHandler' driver.
INFO - 2024-07-07 11:51:13 --> Session: Class initialized using 'CodeIgniter\Session\Handlers\FileHandler' driver.
INFO - 2024-07-07 11:51:38 --> Session: Class initialized using 'CodeIgniter\Session\Handlers\FileHandler' driver.
INFO - 2024-07-07 11:52:04 --> Session: Class initialized using 'CodeIgniter\Session\Handlers\FileHandler' driver.
INFO - 2024-07-07 11:52:25 --> Session: Class initialized using 'CodeIgniter\Session\Handlers\FileHandler' driver.
INFO - 2024-07-07 11:52:32 --> Session: Class initialized using 'CodeIgniter\Session\Handlers\FileHandler' driver.
INFO - 2024-07-07 11:53:39 --> Session: Class initialized using 'CodeIgniter\Session\Handlers\FileHandler' driver.
WARNING - 2024-07-07 11:53:47 --> [DEPRECATED] Required parameter $slug follows optional parameter $category in APPPATH\Controllers\Shop\Product.php on line 9.
 1 SYSTEMPATH\Autoloader\Autoloader.php(312): include_once()
 2 SYSTEMPATH\Autoloader\Autoloader.php(289): CodeIgniter\Autoloader\Autoloader->includeFile('D:\\xampp\\htdocs\\ecommerce\\app\\controllers\\Shop\\Product.php')
 3 SYSTEMPATH\Autoloader\Autoloader.php(267): CodeIgniter\Autoloader\Autoloader->loadInNamespace('App\\controllers\\Shop\\Product')
 4 [internal function]: CodeIgniter\Autoloader\Autoloader->loadClass('App\\controllers\\Shop\\Product')
 5 SYSTEMPATH\CodeIgniter.php(892): class_exists('\\App\\controllers\\Shop\\Product', true)
 6 SYSTEMPATH\CodeIgniter.php(486): CodeIgniter\CodeIgniter->startController()
 7 SYSTEMPATH\CodeIgniter.php(368): CodeIgniter\CodeIgniter->handleRequest(null, Object(Config\Cache), false)
 8 FCPATH\index.php(67): CodeIgniter\CodeIgniter->run()
WARNING - 2024-07-07 11:53:47 --> [DEPRECATED] Required parameter $slug follows optional parameter $category in APPPATH\Controllers\Shop\Product.php on line 9.
 1 SYSTEMPATH\Autoloader\Autoloader.php(312): include_once()
 2 SYSTEMPATH\Autoloader\Autoloader.php(289): CodeIgniter\Autoloader\Autoloader->includeFile('D:\\xampp\\htdocs\\ecommerce\\app\\controllers\\Shop\\Product.php')
 3 SYSTEMPATH\Autoloader\Autoloader.php(267): CodeIgniter\Autoloader\Autoloader->loadInNamespace('App\\controllers\\Shop\\Product')
 4 [internal function]: CodeIgniter\Autoloader\Autoloader->loadClass('App\\controllers\\Shop\\Product')
 5 SYSTEMPATH\CodeIgniter.php(892): class_exists('\\App\\controllers\\Shop\\Product', true)
 6 SYSTEMPATH\CodeIgniter.php(486): CodeIgniter\CodeIgniter->startController()
 7 SYSTEMPATH\CodeIgniter.php(368): CodeIgniter\CodeIgniter->handleRequest(null, Object(Config\Cache), false)
 8 FCPATH\index.php(67): CodeIgniter\CodeIgniter->run()
INFO - 2024-07-07 11:53:47 --> Session: Class initialized using 'CodeIgniter\Session\Handlers\FileHandler' driver.
INFO - 2024-07-07 11:53:48 --> Session: Class initialized using 'CodeIgniter\Session\Handlers\FileHandler' driver.
INFO - 2024-07-07 11:54:36 --> Session: Class initialized using 'CodeIgniter\Session\Handlers\FileHandler' driver.
WARNING - 2024-07-07 11:54:36 --> [DEPRECATED] Required parameter $slug follows optional parameter $category in APPPATH\Controllers\Shop\Product.php on line 9.
 1 SYSTEMPATH\Autoloader\Autoloader.php(312): include_once()
 2 SYSTEMPATH\Autoloader\Autoloader.php(289): CodeIgniter\Autoloader\Autoloader->includeFile('D:\\xampp\\htdocs\\ecommerce\\app\\controllers\\Shop\\Product.php')
 3 SYSTEMPATH\Autoloader\Autoloader.php(267): CodeIgniter\Autoloader\Autoloader->loadInNamespace('App\\controllers\\Shop\\Product')
 4 [internal function]: CodeIgniter\Autoloader\Autoloader->loadClass('App\\controllers\\Shop\\Product')
 5 SYSTEMPATH\CodeIgniter.php(892): class_exists('\\App\\controllers\\Shop\\Product', true)
 6 SYSTEMPATH\CodeIgniter.php(486): CodeIgniter\CodeIgniter->startController()
 7 SYSTEMPATH\CodeIgniter.php(368): CodeIgniter\CodeIgniter->handleRequest(null, Object(Config\Cache), false)
 8 FCPATH\index.php(67): CodeIgniter\CodeIgniter->run()
INFO - 2024-07-07 11:54:37 --> Session: Class initialized using 'CodeIgniter\Session\Handlers\FileHandler' driver.
WARNING - 2024-07-07 11:54:37 --> [DEPRECATED] Required parameter $slug follows optional parameter $category in APPPATH\Controllers\Shop\Product.php on line 9.
 1 SYSTEMPATH\Autoloader\Autoloader.php(312): include_once()
 2 SYSTEMPATH\Autoloader\Autoloader.php(289): CodeIgniter\Autoloader\Autoloader->includeFile('D:\\xampp\\htdocs\\ecommerce\\app\\controllers\\Shop\\Product.php')
 3 SYSTEMPATH\Autoloader\Autoloader.php(267): CodeIgniter\Autoloader\Autoloader->loadInNamespace('App\\controllers\\Shop\\Product')
 4 [internal function]: CodeIgniter\Autoloader\Autoloader->loadClass('App\\controllers\\Shop\\Product')
 5 SYSTEMPATH\CodeIgniter.php(892): class_exists('\\App\\controllers\\Shop\\Product', true)
 6 SYSTEMPATH\CodeIgniter.php(486): CodeIgniter\CodeIgniter->startController()
 7 SYSTEMPATH\CodeIgniter.php(368): CodeIgniter\CodeIgniter->handleRequest(null, Object(Config\Cache), false)
 8 FCPATH\index.php(67): CodeIgniter\CodeIgniter->run()
INFO - 2024-07-07 11:54:37 --> Session: Class initialized using 'CodeIgniter\Session\Handlers\FileHandler' driver.
INFO - 2024-07-07 11:55:27 --> Session: Class initialized using 'CodeIgniter\Session\Handlers\FileHandler' driver.
CRITICAL - 2024-07-07 11:55:27 --> Unsupported operand types: string * int
in APPPATH\Views\Shop\page\checkout.php on line 270.
 1 SYSTEMPATH\View\View.php(213): include()
 2 SYSTEMPATH\View\View.php(216): CodeIgniter\View\View->CodeIgniter\View\{closure}()
 3 SYSTEMPATH\Common.php(1184): CodeIgniter\View\View->render('Shop/page/checkout', [], true)
 4 APPPATH\Controllers\Shop\Checkout.php(38): view('Shop/page/checkout', [...])
 5 SYSTEMPATH\CodeIgniter.php(934): App\Controllers\Shop\Checkout->checkout_view()
 6 SYSTEMPATH\CodeIgniter.php(499): CodeIgniter\CodeIgniter->runController(Object(App\Controllers\Shop\Checkout))
 7 SYSTEMPATH\CodeIgniter.php(368): CodeIgniter\CodeIgniter->handleRequest(null, Object(Config\Cache), false)
 8 FCPATH\index.php(67): CodeIgniter\CodeIgniter->run()
INFO - 2024-07-07 11:55:38 --> Session: Class initialized using 'CodeIgniter\Session\Handlers\FileHandler' driver.
WARNING - 2024-07-07 11:55:39 --> [DEPRECATED] Required parameter $slug follows optional parameter $category in APPPATH\Controllers\Shop\Product.php on line 9.
 1 SYSTEMPATH\Autoloader\Autoloader.php(312): include_once()
 2 SYSTEMPATH\Autoloader\Autoloader.php(289): CodeIgniter\Autoloader\Autoloader->includeFile('D:\\xampp\\htdocs\\ecommerce\\app\\controllers\\Shop\\Product.php')
 3 SYSTEMPATH\Autoloader\Autoloader.php(267): CodeIgniter\Autoloader\Autoloader->loadInNamespace('App\\controllers\\Shop\\Product')
 4 [internal function]: CodeIgniter\Autoloader\Autoloader->loadClass('App\\controllers\\Shop\\Product')
 5 SYSTEMPATH\CodeIgniter.php(892): class_exists('\\App\\controllers\\Shop\\Product', true)
 6 SYSTEMPATH\CodeIgniter.php(486): CodeIgniter\CodeIgniter->startController()
 7 SYSTEMPATH\CodeIgniter.php(368): CodeIgniter\CodeIgniter->handleRequest(null, Object(Config\Cache), false)
 8 FCPATH\index.php(67): CodeIgniter\CodeIgniter->run()
INFO - 2024-07-07 11:55:39 --> Session: Class initialized using 'CodeIgniter\Session\Handlers\FileHandler' driver.
WARNING - 2024-07-07 11:55:39 --> [DEPRECATED] Required parameter $slug follows optional parameter $category in APPPATH\Controllers\Shop\Product.php on line 9.
 1 SYSTEMPATH\Autoloader\Autoloader.php(312): include_once()
 2 SYSTEMPATH\Autoloader\Autoloader.php(289): CodeIgniter\Autoloader\Autoloader->includeFile('D:\\xampp\\htdocs\\ecommerce\\app\\controllers\\Shop\\Product.php')
 3 SYSTEMPATH\Autoloader\Autoloader.php(267): CodeIgniter\Autoloader\Autoloader->loadInNamespace('App\\controllers\\Shop\\Product')
 4 [internal function]: CodeIgniter\Autoloader\Autoloader->loadClass('App\\controllers\\Shop\\Product')
 5 SYSTEMPATH\CodeIgniter.php(892): class_exists('\\App\\controllers\\Shop\\Product', true)
 6 SYSTEMPATH\CodeIgniter.php(486): CodeIgniter\CodeIgniter->startController()
 7 SYSTEMPATH\CodeIgniter.php(368): CodeIgniter\CodeIgniter->handleRequest(null, Object(Config\Cache), false)
 8 FCPATH\index.php(67): CodeIgniter\CodeIgniter->run()
INFO - 2024-07-07 11:55:39 --> Session: Class initialized using 'CodeIgniter\Session\Handlers\FileHandler' driver.
INFO - 2024-07-07 11:55:54 --> Session: Class initialized using 'CodeIgniter\Session\Handlers\FileHandler' driver.
WARNING - 2024-07-07 11:55:55 --> [DEPRECATED] Required parameter $slug follows optional parameter $category in APPPATH\Controllers\Shop\Product.php on line 9.
 1 SYSTEMPATH\Autoloader\Autoloader.php(312): include_once()
 2 SYSTEMPATH\Autoloader\Autoloader.php(289): CodeIgniter\Autoloader\Autoloader->includeFile('D:\\xampp\\htdocs\\ecommerce\\app\\controllers\\Shop\\Product.php')
 3 SYSTEMPATH\Autoloader\Autoloader.php(267): CodeIgniter\Autoloader\Autoloader->loadInNamespace('App\\controllers\\Shop\\Product')
 4 [internal function]: CodeIgniter\Autoloader\Autoloader->loadClass('App\\controllers\\Shop\\Product')
 5 SYSTEMPATH\CodeIgniter.php(892): class_exists('\\App\\controllers\\Shop\\Product', true)
 6 SYSTEMPATH\CodeIgniter.php(486): CodeIgniter\CodeIgniter->startController()
 7 SYSTEMPATH\CodeIgniter.php(368): CodeIgniter\CodeIgniter->handleRequest(null, Object(Config\Cache), false)
 8 FCPATH\index.php(67): CodeIgniter\CodeIgniter->run()
INFO - 2024-07-07 11:55:55 --> Session: Class initialized using 'CodeIgniter\Session\Handlers\FileHandler' driver.
WARNING - 2024-07-07 11:55:55 --> [DEPRECATED] Required parameter $slug follows optional parameter $category in APPPATH\Controllers\Shop\Product.php on line 9.
 1 SYSTEMPATH\Autoloader\Autoloader.php(312): include_once()
 2 SYSTEMPATH\Autoloader\Autoloader.php(289): CodeIgniter\Autoloader\Autoloader->includeFile('D:\\xampp\\htdocs\\ecommerce\\app\\controllers\\Shop\\Product.php')
 3 SYSTEMPATH\Autoloader\Autoloader.php(267): CodeIgniter\Autoloader\Autoloader->loadInNamespace('App\\controllers\\Shop\\Product')
 4 [internal function]: CodeIgniter\Autoloader\Autoloader->loadClass('App\\controllers\\Shop\\Product')
 5 SYSTEMPATH\CodeIgniter.php(892): class_exists('\\App\\controllers\\Shop\\Product', true)
 6 SYSTEMPATH\CodeIgniter.php(486): CodeIgniter\CodeIgniter->startController()
 7 SYSTEMPATH\CodeIgniter.php(368): CodeIgniter\CodeIgniter->handleRequest(null, Object(Config\Cache), false)
 8 FCPATH\index.php(67): CodeIgniter\CodeIgniter->run()
INFO - 2024-07-07 11:55:55 --> Session: Class initialized using 'CodeIgniter\Session\Handlers\FileHandler' driver.
INFO - 2024-07-07 11:56:32 --> Session: Class initialized using 'CodeIgniter\Session\Handlers\FileHandler' driver.
WARNING - 2024-07-07 11:56:33 --> [DEPRECATED] Required parameter $slug follows optional parameter $category in APPPATH\Controllers\Shop\Product.php on line 9.
 1 SYSTEMPATH\Autoloader\Autoloader.php(312): include_once()
 2 SYSTEMPATH\Autoloader\Autoloader.php(289): CodeIgniter\Autoloader\Autoloader->includeFile('D:\\xampp\\htdocs\\ecommerce\\app\\controllers\\Shop\\Product.php')
 3 SYSTEMPATH\Autoloader\Autoloader.php(267): CodeIgniter\Autoloader\Autoloader->loadInNamespace('App\\controllers\\Shop\\Product')
 4 [internal function]: CodeIgniter\Autoloader\Autoloader->loadClass('App\\controllers\\Shop\\Product')
 5 SYSTEMPATH\CodeIgniter.php(892): class_exists('\\App\\controllers\\Shop\\Product', true)
 6 SYSTEMPATH\CodeIgniter.php(486): CodeIgniter\CodeIgniter->startController()
 7 SYSTEMPATH\CodeIgniter.php(368): CodeIgniter\CodeIgniter->handleRequest(null, Object(Config\Cache), false)
 8 FCPATH\index.php(67): CodeIgniter\CodeIgniter->run()
INFO - 2024-07-07 11:56:33 --> Session: Class initialized using 'CodeIgniter\Session\Handlers\FileHandler' driver.
WARNING - 2024-07-07 11:56:34 --> [DEPRECATED] Required parameter $slug follows optional parameter $category in APPPATH\Controllers\Shop\Product.php on line 9.
 1 SYSTEMPATH\Autoloader\Autoloader.php(312): include_once()
 2 SYSTEMPATH\Autoloader\Autoloader.php(289): CodeIgniter\Autoloader\Autoloader->includeFile('D:\\xampp\\htdocs\\ecommerce\\app\\controllers\\Shop\\Product.php')
 3 SYSTEMPATH\Autoloader\Autoloader.php(267): CodeIgniter\Autoloader\Autoloader->loadInNamespace('App\\controllers\\Shop\\Product')
 4 [internal function]: CodeIgniter\Autoloader\Autoloader->loadClass('App\\controllers\\Shop\\Product')
 5 SYSTEMPATH\CodeIgniter.php(892): class_exists('\\App\\controllers\\Shop\\Product', true)
 6 SYSTEMPATH\CodeIgniter.php(486): CodeIgniter\CodeIgniter->startController()
 7 SYSTEMPATH\CodeIgniter.php(368): CodeIgniter\CodeIgniter->handleRequest(null, Object(Config\Cache), false)
 8 FCPATH\index.php(67): CodeIgniter\CodeIgniter->run()
INFO - 2024-07-07 11:56:34 --> Session: Class initialized using 'CodeIgniter\Session\Handlers\FileHandler' driver.
INFO - 2024-07-07 11:58:01 --> Session: Class initialized using 'CodeIgniter\Session\Handlers\FileHandler' driver.
INFO - 2024-07-07 11:59:48 --> Session: Class initialized using 'CodeIgniter\Session\Handlers\FileHandler' driver.
INFO - 2024-07-07 12:09:41 --> Session: Class initialized using 'CodeIgniter\Session\Handlers\FileHandler' driver.
INFO - 2024-07-07 12:35:49 --> Session: Class initialized using 'CodeIgniter\Session\Handlers\FileHandler' driver.
INFO - 2024-07-07 12:43:00 --> Session: Class initialized using 'CodeIgniter\Session\Handlers\FileHandler' driver.
INFO - 2024-07-07 12:43:03 --> Session: Class initialized using 'CodeIgniter\Session\Handlers\FileHandler' driver.
