INFO - 2024-04-21 07:35:55 --> Session: Class initialized using 'CodeIgniter\Session\Handlers\FileHandler' driver.
CRITICAL - 2024-04-21 07:35:56 --> View themes, no current section.
in SYSTEMPATH\View\View.php on line 394.
 1 APPPATH\Views\Shop\Layout\login.php(124): CodeIgniter\View\View->endSection()
 2 APPPATH\Views\Shop\Layout\layout.php(1390): include('D:\\xampp\\htdocs\\ecommerce\\app\\Views\\Shop\\Layout\\login.php')
 3 SYSTEMPATH\View\View.php(213): include('D:\\xampp\\htdocs\\ecommerce\\app\\Views\\Shop\\Layout\\layout.php')
 4 SYSTEMPATH\View\View.php(216): CodeIgniter\View\View->CodeIgniter\View\{closure}()
 5 SYSTEMPATH\View\View.php(229): CodeIgniter\View\View->render('Shop/Layout/layout', [], true)
 6 SYSTEMPATH\Common.php(1184): CodeIgniter\View\View->render('Shop/page/homepage', [], true)
 7 APPPATH\Controllers\Shop\Homepage.php(21): view('Shop/page/homepage', [...])
 8 SYSTEMPATH\CodeIgniter.php(934): App\Controllers\Shop\Homepage->homepage()
 9 SYSTEMPATH\CodeIgniter.php(499): CodeIgniter\CodeIgniter->runController(Object(App\Controllers\Shop\Homepage))
10 SYSTEMPATH\CodeIgniter.php(368): CodeIgniter\CodeIgniter->handleRequest(null, Object(Config\Cache), false)
11 FCPATH\index.php(67): CodeIgniter\CodeIgniter->run()
INFO - 2024-04-21 07:36:12 --> Session: Class initialized using 'CodeIgniter\Session\Handlers\FileHandler' driver.
CRITICAL - 2024-04-21 07:36:12 --> View themes, no current section.
in SYSTEMPATH\View\View.php on line 394.
 1 APPPATH\Views\Shop\Layout\login.php(124): CodeIgniter\View\View->endSection()
 2 APPPATH\Views\Shop\Layout\layout.php(1390): include('D:\\xampp\\htdocs\\ecommerce\\app\\Views\\Shop\\Layout\\login.php')
 3 SYSTEMPATH\View\View.php(213): include('D:\\xampp\\htdocs\\ecommerce\\app\\Views\\Shop\\Layout\\layout.php')
 4 SYSTEMPATH\View\View.php(216): CodeIgniter\View\View->CodeIgniter\View\{closure}()
 5 SYSTEMPATH\View\View.php(229): CodeIgniter\View\View->render('Shop/Layout/layout', [], true)
 6 SYSTEMPATH\Common.php(1184): CodeIgniter\View\View->render('Shop/page/homepage', [], true)
 7 APPPATH\Controllers\Shop\Homepage.php(21): view('Shop/page/homepage', [...])
 8 SYSTEMPATH\CodeIgniter.php(934): App\Controllers\Shop\Homepage->homepage()
 9 SYSTEMPATH\CodeIgniter.php(499): CodeIgniter\CodeIgniter->runController(Object(App\Controllers\Shop\Homepage))
10 SYSTEMPATH\CodeIgniter.php(368): CodeIgniter\CodeIgniter->handleRequest(null, Object(Config\Cache), false)
11 FCPATH\index.php(67): CodeIgniter\CodeIgniter->run()
INFO - 2024-04-21 07:36:37 --> Session: Class initialized using 'CodeIgniter\Session\Handlers\FileHandler' driver.
CRITICAL - 2024-04-21 07:36:37 --> View themes, no current section.
in SYSTEMPATH\View\View.php on line 394.
 1 APPPATH\Views\Shop\Layout\login.php(124): CodeIgniter\View\View->endSection()
 2 APPPATH\Views\Shop\Layout\layout.php(1390): include('D:\\xampp\\htdocs\\ecommerce\\app\\Views\\Shop\\Layout\\login.php')
 3 SYSTEMPATH\View\View.php(213): include('D:\\xampp\\htdocs\\ecommerce\\app\\Views\\Shop\\Layout\\layout.php')
 4 SYSTEMPATH\View\View.php(216): CodeIgniter\View\View->CodeIgniter\View\{closure}()
 5 SYSTEMPATH\View\View.php(229): CodeIgniter\View\View->render('Shop/Layout/layout', [], true)
 6 SYSTEMPATH\Common.php(1184): CodeIgniter\View\View->render('Shop/page/homepage', [], true)
 7 APPPATH\Controllers\Shop\Homepage.php(21): view('Shop/page/homepage', [...])
 8 SYSTEMPATH\CodeIgniter.php(934): App\Controllers\Shop\Homepage->homepage()
 9 SYSTEMPATH\CodeIgniter.php(499): CodeIgniter\CodeIgniter->runController(Object(App\Controllers\Shop\Homepage))
10 SYSTEMPATH\CodeIgniter.php(368): CodeIgniter\CodeIgniter->handleRequest(null, Object(Config\Cache), false)
11 FCPATH\index.php(67): CodeIgniter\CodeIgniter->run()
INFO - 2024-04-21 07:37:45 --> Session: Class initialized using 'CodeIgniter\Session\Handlers\FileHandler' driver.
CRITICAL - 2024-04-21 07:37:45 --> View themes, no current section.
in SYSTEMPATH\View\View.php on line 394.
 1 APPPATH\Views\Shop\Layout\login.php(124): CodeIgniter\View\View->endSection()
 2 APPPATH\Views\Shop\Layout\layout.php(1390): include('D:\\xampp\\htdocs\\ecommerce\\app\\Views\\Shop\\Layout\\login.php')
 3 SYSTEMPATH\View\View.php(213): include('D:\\xampp\\htdocs\\ecommerce\\app\\Views\\Shop\\Layout\\layout.php')
 4 SYSTEMPATH\View\View.php(216): CodeIgniter\View\View->CodeIgniter\View\{closure}()
 5 SYSTEMPATH\View\View.php(229): CodeIgniter\View\View->render('Shop/Layout/layout', [], true)
 6 SYSTEMPATH\Common.php(1184): CodeIgniter\View\View->render('Shop/page/register', [], true)
 7 APPPATH\Controllers\Shop\Register.php(9): view('Shop/page/register')
 8 SYSTEMPATH\CodeIgniter.php(934): App\Controllers\Shop\Register->register_view()
 9 SYSTEMPATH\CodeIgniter.php(499): CodeIgniter\CodeIgniter->runController(Object(App\Controllers\Shop\Register))
10 SYSTEMPATH\CodeIgniter.php(368): CodeIgniter\CodeIgniter->handleRequest(null, Object(Config\Cache), false)
11 FCPATH\index.php(67): CodeIgniter\CodeIgniter->run()
INFO - 2024-04-21 07:38:55 --> Session: Class initialized using 'CodeIgniter\Session\Handlers\FileHandler' driver.
INFO - 2024-04-21 07:38:58 --> Session: Class initialized using 'CodeIgniter\Session\Handlers\FileHandler' driver.
INFO - 2024-04-21 07:49:34 --> Session: Class initialized using 'CodeIgniter\Session\Handlers\FileHandler' driver.
INFO - 2024-04-21 07:50:29 --> Session: Class initialized using 'CodeIgniter\Session\Handlers\FileHandler' driver.
INFO - 2024-04-21 07:51:20 --> Session: Class initialized using 'CodeIgniter\Session\Handlers\FileHandler' driver.
INFO - 2024-04-21 07:51:25 --> Session: Class initialized using 'CodeIgniter\Session\Handlers\FileHandler' driver.
INFO - 2024-04-21 07:51:35 --> Session: Class initialized using 'CodeIgniter\Session\Handlers\FileHandler' driver.
INFO - 2024-04-21 07:53:56 --> Session: Class initialized using 'CodeIgniter\Session\Handlers\FileHandler' driver.
CRITICAL - 2024-04-21 07:53:56 --> include(layput/reviewslider.php): Failed to open stream: No such file or directory
in APPPATH\Views\Shop\page\homepage.php on line 247.
 1 APPPATH\Views\Shop\page\homepage.php(247): CodeIgniter\Debug\Exceptions->errorHandler(2, 'include(layput/reviewslider.php): Failed to open stream: No such file or directory', 'D:\\xampp\\htdocs\\ecommerce\\app\\Views\\Shop\\page\\homepage.php', 247)
 2 APPPATH\Views\Shop\page\homepage.php(247): include()
 3 SYSTEMPATH\View\View.php(213): include('D:\\xampp\\htdocs\\ecommerce\\app\\Views\\Shop\\page\\homepage.php')
 4 SYSTEMPATH\View\View.php(216): CodeIgniter\View\View->CodeIgniter\View\{closure}()
 5 SYSTEMPATH\Common.php(1184): CodeIgniter\View\View->render('Shop/page/homepage', [], true)
 6 APPPATH\Controllers\Shop\Homepage.php(21): view('Shop/page/homepage', [...])
 7 SYSTEMPATH\CodeIgniter.php(934): App\Controllers\Shop\Homepage->homepage()
 8 SYSTEMPATH\CodeIgniter.php(499): CodeIgniter\CodeIgniter->runController(Object(App\Controllers\Shop\Homepage))
 9 SYSTEMPATH\CodeIgniter.php(368): CodeIgniter\CodeIgniter->handleRequest(null, Object(Config\Cache), false)
10 FCPATH\index.php(67): CodeIgniter\CodeIgniter->run()
INFO - 2024-04-21 07:54:08 --> Session: Class initialized using 'CodeIgniter\Session\Handlers\FileHandler' driver.
CRITICAL - 2024-04-21 07:54:08 --> include(layout/reviewslider.php): Failed to open stream: No such file or directory
in APPPATH\Views\Shop\page\homepage.php on line 247.
 1 APPPATH\Views\Shop\page\homepage.php(247): CodeIgniter\Debug\Exceptions->errorHandler(2, 'include(layout/reviewslider.php): Failed to open stream: No such file or directory', 'D:\\xampp\\htdocs\\ecommerce\\app\\Views\\Shop\\page\\homepage.php', 247)
 2 APPPATH\Views\Shop\page\homepage.php(247): include()
 3 SYSTEMPATH\View\View.php(213): include('D:\\xampp\\htdocs\\ecommerce\\app\\Views\\Shop\\page\\homepage.php')
 4 SYSTEMPATH\View\View.php(216): CodeIgniter\View\View->CodeIgniter\View\{closure}()
 5 SYSTEMPATH\Common.php(1184): CodeIgniter\View\View->render('Shop/page/homepage', [], true)
 6 APPPATH\Controllers\Shop\Homepage.php(21): view('Shop/page/homepage', [...])
 7 SYSTEMPATH\CodeIgniter.php(934): App\Controllers\Shop\Homepage->homepage()
 8 SYSTEMPATH\CodeIgniter.php(499): CodeIgniter\CodeIgniter->runController(Object(App\Controllers\Shop\Homepage))
 9 SYSTEMPATH\CodeIgniter.php(368): CodeIgniter\CodeIgniter->handleRequest(null, Object(Config\Cache), false)
10 FCPATH\index.php(67): CodeIgniter\CodeIgniter->run()
INFO - 2024-04-21 07:54:16 --> Session: Class initialized using 'CodeIgniter\Session\Handlers\FileHandler' driver.
CRITICAL - 2024-04-21 07:54:16 --> include(../layout/reviewslider.php): Failed to open stream: No such file or directory
in APPPATH\Views\Shop\page\homepage.php on line 247.
 1 APPPATH\Views\Shop\page\homepage.php(247): CodeIgniter\Debug\Exceptions->errorHandler(2, 'include(../layout/reviewslider.php): Failed to open stream: No such file or directory', 'D:\\xampp\\htdocs\\ecommerce\\app\\Views\\Shop\\page\\homepage.php', 247)
 2 APPPATH\Views\Shop\page\homepage.php(247): include()
 3 SYSTEMPATH\View\View.php(213): include('D:\\xampp\\htdocs\\ecommerce\\app\\Views\\Shop\\page\\homepage.php')
 4 SYSTEMPATH\View\View.php(216): CodeIgniter\View\View->CodeIgniter\View\{closure}()
 5 SYSTEMPATH\Common.php(1184): CodeIgniter\View\View->render('Shop/page/homepage', [], true)
 6 APPPATH\Controllers\Shop\Homepage.php(21): view('Shop/page/homepage', [...])
 7 SYSTEMPATH\CodeIgniter.php(934): App\Controllers\Shop\Homepage->homepage()
 8 SYSTEMPATH\CodeIgniter.php(499): CodeIgniter\CodeIgniter->runController(Object(App\Controllers\Shop\Homepage))
 9 SYSTEMPATH\CodeIgniter.php(368): CodeIgniter\CodeIgniter->handleRequest(null, Object(Config\Cache), false)
10 FCPATH\index.php(67): CodeIgniter\CodeIgniter->run()
INFO - 2024-04-21 07:54:54 --> Session: Class initialized using 'CodeIgniter\Session\Handlers\FileHandler' driver.
CRITICAL - 2024-04-21 07:54:54 --> include(Layout/reviewslider.php): Failed to open stream: No such file or directory
in APPPATH\Views\Shop\page\homepage.php on line 247.
 1 APPPATH\Views\Shop\page\homepage.php(247): CodeIgniter\Debug\Exceptions->errorHandler(2, 'include(Layout/reviewslider.php): Failed to open stream: No such file or directory', 'D:\\xampp\\htdocs\\ecommerce\\app\\Views\\Shop\\page\\homepage.php', 247)
 2 APPPATH\Views\Shop\page\homepage.php(247): include()
 3 SYSTEMPATH\View\View.php(213): include('D:\\xampp\\htdocs\\ecommerce\\app\\Views\\Shop\\page\\homepage.php')
 4 SYSTEMPATH\View\View.php(216): CodeIgniter\View\View->CodeIgniter\View\{closure}()
 5 SYSTEMPATH\Common.php(1184): CodeIgniter\View\View->render('Shop/page/homepage', [], true)
 6 APPPATH\Controllers\Shop\Homepage.php(21): view('Shop/page/homepage', [...])
 7 SYSTEMPATH\CodeIgniter.php(934): App\Controllers\Shop\Homepage->homepage()
 8 SYSTEMPATH\CodeIgniter.php(499): CodeIgniter\CodeIgniter->runController(Object(App\Controllers\Shop\Homepage))
 9 SYSTEMPATH\CodeIgniter.php(368): CodeIgniter\CodeIgniter->handleRequest(null, Object(Config\Cache), false)
10 FCPATH\index.php(67): CodeIgniter\CodeIgniter->run()
INFO - 2024-04-21 07:55:11 --> Session: Class initialized using 'CodeIgniter\Session\Handlers\FileHandler' driver.
CRITICAL - 2024-04-21 07:55:11 --> include(Layout/reviewslider.php): Failed to open stream: No such file or directory
in APPPATH\Views\Shop\page\homepage.php on line 247.
 1 APPPATH\Views\Shop\page\homepage.php(247): CodeIgniter\Debug\Exceptions->errorHandler(2, 'include(Layout/reviewslider.php): Failed to open stream: No such file or directory', 'D:\\xampp\\htdocs\\ecommerce\\app\\Views\\Shop\\page\\homepage.php', 247)
 2 APPPATH\Views\Shop\page\homepage.php(247): include()
 3 SYSTEMPATH\View\View.php(213): include('D:\\xampp\\htdocs\\ecommerce\\app\\Views\\Shop\\page\\homepage.php')
 4 SYSTEMPATH\View\View.php(216): CodeIgniter\View\View->CodeIgniter\View\{closure}()
 5 SYSTEMPATH\Common.php(1184): CodeIgniter\View\View->render('Shop/page/homepage', [], true)
 6 APPPATH\Controllers\Shop\Homepage.php(21): view('Shop/page/homepage', [...])
 7 SYSTEMPATH\CodeIgniter.php(934): App\Controllers\Shop\Homepage->homepage()
 8 SYSTEMPATH\CodeIgniter.php(499): CodeIgniter\CodeIgniter->runController(Object(App\Controllers\Shop\Homepage))
 9 SYSTEMPATH\CodeIgniter.php(368): CodeIgniter\CodeIgniter->handleRequest(null, Object(Config\Cache), false)
10 FCPATH\index.php(67): CodeIgniter\CodeIgniter->run()
INFO - 2024-04-21 07:55:21 --> Session: Class initialized using 'CodeIgniter\Session\Handlers\FileHandler' driver.
CRITICAL - 2024-04-21 07:55:21 --> include(../Shop/Layout/reviewslider.php): Failed to open stream: No such file or directory
in APPPATH\Views\Shop\page\homepage.php on line 247.
 1 APPPATH\Views\Shop\page\homepage.php(247): CodeIgniter\Debug\Exceptions->errorHandler(2, 'include(../Shop/Layout/reviewslider.php): Failed to open stream: No such file or directory', 'D:\\xampp\\htdocs\\ecommerce\\app\\Views\\Shop\\page\\homepage.php', 247)
 2 APPPATH\Views\Shop\page\homepage.php(247): include()
 3 SYSTEMPATH\View\View.php(213): include('D:\\xampp\\htdocs\\ecommerce\\app\\Views\\Shop\\page\\homepage.php')
 4 SYSTEMPATH\View\View.php(216): CodeIgniter\View\View->CodeIgniter\View\{closure}()
 5 SYSTEMPATH\Common.php(1184): CodeIgniter\View\View->render('Shop/page/homepage', [], true)
 6 APPPATH\Controllers\Shop\Homepage.php(21): view('Shop/page/homepage', [...])
 7 SYSTEMPATH\CodeIgniter.php(934): App\Controllers\Shop\Homepage->homepage()
 8 SYSTEMPATH\CodeIgniter.php(499): CodeIgniter\CodeIgniter->runController(Object(App\Controllers\Shop\Homepage))
 9 SYSTEMPATH\CodeIgniter.php(368): CodeIgniter\CodeIgniter->handleRequest(null, Object(Config\Cache), false)
10 FCPATH\index.php(67): CodeIgniter\CodeIgniter->run()
INFO - 2024-04-21 07:55:26 --> Session: Class initialized using 'CodeIgniter\Session\Handlers\FileHandler' driver.
CRITICAL - 2024-04-21 07:55:26 --> include(../Layout/reviewslider.php): Failed to open stream: No such file or directory
in APPPATH\Views\Shop\page\homepage.php on line 247.
 1 APPPATH\Views\Shop\page\homepage.php(247): CodeIgniter\Debug\Exceptions->errorHandler(2, 'include(../Layout/reviewslider.php): Failed to open stream: No such file or directory', 'D:\\xampp\\htdocs\\ecommerce\\app\\Views\\Shop\\page\\homepage.php', 247)
 2 APPPATH\Views\Shop\page\homepage.php(247): include()
 3 SYSTEMPATH\View\View.php(213): include('D:\\xampp\\htdocs\\ecommerce\\app\\Views\\Shop\\page\\homepage.php')
 4 SYSTEMPATH\View\View.php(216): CodeIgniter\View\View->CodeIgniter\View\{closure}()
 5 SYSTEMPATH\Common.php(1184): CodeIgniter\View\View->render('Shop/page/homepage', [], true)
 6 APPPATH\Controllers\Shop\Homepage.php(21): view('Shop/page/homepage', [...])
 7 SYSTEMPATH\CodeIgniter.php(934): App\Controllers\Shop\Homepage->homepage()
 8 SYSTEMPATH\CodeIgniter.php(499): CodeIgniter\CodeIgniter->runController(Object(App\Controllers\Shop\Homepage))
 9 SYSTEMPATH\CodeIgniter.php(368): CodeIgniter\CodeIgniter->handleRequest(null, Object(Config\Cache), false)
10 FCPATH\index.php(67): CodeIgniter\CodeIgniter->run()
INFO - 2024-04-21 07:55:40 --> Session: Class initialized using 'CodeIgniter\Session\Handlers\FileHandler' driver.
INFO - 2024-04-21 07:56:26 --> Session: Class initialized using 'CodeIgniter\Session\Handlers\FileHandler' driver.
CRITICAL - 2024-04-21 07:56:26 --> include(Layout/reviewslider.php): Failed to open stream: No such file or directory
in APPPATH\Views\Shop\page\homepage.php on line 247.
 1 APPPATH\Views\Shop\page\homepage.php(247): CodeIgniter\Debug\Exceptions->errorHandler(2, 'include(Layout/reviewslider.php): Failed to open stream: No such file or directory', 'D:\\xampp\\htdocs\\ecommerce\\app\\Views\\Shop\\page\\homepage.php', 247)
 2 APPPATH\Views\Shop\page\homepage.php(247): include()
 3 SYSTEMPATH\View\View.php(213): include('D:\\xampp\\htdocs\\ecommerce\\app\\Views\\Shop\\page\\homepage.php')
 4 SYSTEMPATH\View\View.php(216): CodeIgniter\View\View->CodeIgniter\View\{closure}()
 5 SYSTEMPATH\Common.php(1184): CodeIgniter\View\View->render('Shop/page/homepage', [], true)
 6 APPPATH\Controllers\Shop\Homepage.php(21): view('Shop/page/homepage', [...])
 7 SYSTEMPATH\CodeIgniter.php(934): App\Controllers\Shop\Homepage->homepage()
 8 SYSTEMPATH\CodeIgniter.php(499): CodeIgniter\CodeIgniter->runController(Object(App\Controllers\Shop\Homepage))
 9 SYSTEMPATH\CodeIgniter.php(368): CodeIgniter\CodeIgniter->handleRequest(null, Object(Config\Cache), false)
10 FCPATH\index.php(67): CodeIgniter\CodeIgniter->run()
INFO - 2024-04-21 07:57:22 --> Session: Class initialized using 'CodeIgniter\Session\Handlers\FileHandler' driver.
CRITICAL - 2024-04-21 07:57:22 --> include(/Layout/reviewslider.php): Failed to open stream: No such file or directory
in APPPATH\Views\Shop\page\homepage.php on line 247.
 1 APPPATH\Views\Shop\page\homepage.php(247): CodeIgniter\Debug\Exceptions->errorHandler(2, 'include(/Layout/reviewslider.php): Failed to open stream: No such file or directory', 'D:\\xampp\\htdocs\\ecommerce\\app\\Views\\Shop\\page\\homepage.php', 247)
 2 APPPATH\Views\Shop\page\homepage.php(247): include()
 3 SYSTEMPATH\View\View.php(213): include('D:\\xampp\\htdocs\\ecommerce\\app\\Views\\Shop\\page\\homepage.php')
 4 SYSTEMPATH\View\View.php(216): CodeIgniter\View\View->CodeIgniter\View\{closure}()
 5 SYSTEMPATH\Common.php(1184): CodeIgniter\View\View->render('Shop/page/homepage', [], true)
 6 APPPATH\Controllers\Shop\Homepage.php(21): view('Shop/page/homepage', [...])
 7 SYSTEMPATH\CodeIgniter.php(934): App\Controllers\Shop\Homepage->homepage()
 8 SYSTEMPATH\CodeIgniter.php(499): CodeIgniter\CodeIgniter->runController(Object(App\Controllers\Shop\Homepage))
 9 SYSTEMPATH\CodeIgniter.php(368): CodeIgniter\CodeIgniter->handleRequest(null, Object(Config\Cache), false)
10 FCPATH\index.php(67): CodeIgniter\CodeIgniter->run()
INFO - 2024-04-21 07:57:32 --> Session: Class initialized using 'CodeIgniter\Session\Handlers\FileHandler' driver.
CRITICAL - 2024-04-21 07:57:32 --> include(../Layout/reviewslider.php): Failed to open stream: No such file or directory
in APPPATH\Views\Shop\page\homepage.php on line 247.
 1 APPPATH\Views\Shop\page\homepage.php(247): CodeIgniter\Debug\Exceptions->errorHandler(2, 'include(../Layout/reviewslider.php): Failed to open stream: No such file or directory', 'D:\\xampp\\htdocs\\ecommerce\\app\\Views\\Shop\\page\\homepage.php', 247)
 2 APPPATH\Views\Shop\page\homepage.php(247): include()
 3 SYSTEMPATH\View\View.php(213): include('D:\\xampp\\htdocs\\ecommerce\\app\\Views\\Shop\\page\\homepage.php')
 4 SYSTEMPATH\View\View.php(216): CodeIgniter\View\View->CodeIgniter\View\{closure}()
 5 SYSTEMPATH\Common.php(1184): CodeIgniter\View\View->render('Shop/page/homepage', [], true)
 6 APPPATH\Controllers\Shop\Homepage.php(21): view('Shop/page/homepage', [...])
 7 SYSTEMPATH\CodeIgniter.php(934): App\Controllers\Shop\Homepage->homepage()
 8 SYSTEMPATH\CodeIgniter.php(499): CodeIgniter\CodeIgniter->runController(Object(App\Controllers\Shop\Homepage))
 9 SYSTEMPATH\CodeIgniter.php(368): CodeIgniter\CodeIgniter->handleRequest(null, Object(Config\Cache), false)
10 FCPATH\index.php(67): CodeIgniter\CodeIgniter->run()
INFO - 2024-04-21 07:58:03 --> Session: Class initialized using 'CodeIgniter\Session\Handlers\FileHandler' driver.
CRITICAL - 2024-04-21 07:58:03 --> Call to undefined function html_escape()
in APPPATH\Views\Shop\Layout\reviewslider.php on line 10.
 1 APPPATH\Views\Shop\Layout\layout.php(1164): include()
 2 SYSTEMPATH\View\View.php(213): include('D:\\xampp\\htdocs\\ecommerce\\app\\Views\\Shop\\Layout\\layout.php')
 3 SYSTEMPATH\View\View.php(216): CodeIgniter\View\View->CodeIgniter\View\{closure}()
 4 SYSTEMPATH\View\View.php(229): CodeIgniter\View\View->render('Shop/Layout/layout', [], true)
 5 SYSTEMPATH\Common.php(1184): CodeIgniter\View\View->render('Shop/page/homepage', [], true)
 6 APPPATH\Controllers\Shop\Homepage.php(21): view('Shop/page/homepage', [...])
 7 SYSTEMPATH\CodeIgniter.php(934): App\Controllers\Shop\Homepage->homepage()
 8 SYSTEMPATH\CodeIgniter.php(499): CodeIgniter\CodeIgniter->runController(Object(App\Controllers\Shop\Homepage))
 9 SYSTEMPATH\CodeIgniter.php(368): CodeIgniter\CodeIgniter->handleRequest(null, Object(Config\Cache), false)
10 FCPATH\index.php(67): CodeIgniter\CodeIgniter->run()
INFO - 2024-04-21 07:58:27 --> Session: Class initialized using 'CodeIgniter\Session\Handlers\FileHandler' driver.
CRITICAL - 2024-04-21 07:58:27 --> include(reviewslider.php): Failed to open stream: No such file or directory
in APPPATH\Views\Shop\page\homepage.php on line 247.
 1 APPPATH\Views\Shop\page\homepage.php(247): CodeIgniter\Debug\Exceptions->errorHandler(2, 'include(reviewslider.php): Failed to open stream: No such file or directory', 'D:\\xampp\\htdocs\\ecommerce\\app\\Views\\Shop\\page\\homepage.php', 247)
 2 APPPATH\Views\Shop\page\homepage.php(247): include()
 3 SYSTEMPATH\View\View.php(213): include('D:\\xampp\\htdocs\\ecommerce\\app\\Views\\Shop\\page\\homepage.php')
 4 SYSTEMPATH\View\View.php(216): CodeIgniter\View\View->CodeIgniter\View\{closure}()
 5 SYSTEMPATH\Common.php(1184): CodeIgniter\View\View->render('Shop/page/homepage', [], true)
 6 APPPATH\Controllers\Shop\Homepage.php(21): view('Shop/page/homepage', [...])
 7 SYSTEMPATH\CodeIgniter.php(934): App\Controllers\Shop\Homepage->homepage()
 8 SYSTEMPATH\CodeIgniter.php(499): CodeIgniter\CodeIgniter->runController(Object(App\Controllers\Shop\Homepage))
 9 SYSTEMPATH\CodeIgniter.php(368): CodeIgniter\CodeIgniter->handleRequest(null, Object(Config\Cache), false)
10 FCPATH\index.php(67): CodeIgniter\CodeIgniter->run()
INFO - 2024-04-21 07:58:34 --> Session: Class initialized using 'CodeIgniter\Session\Handlers\FileHandler' driver.
CRITICAL - 2024-04-21 07:58:34 --> include(/reviewslider.php): Failed to open stream: No such file or directory
in APPPATH\Views\Shop\page\homepage.php on line 247.
 1 APPPATH\Views\Shop\page\homepage.php(247): CodeIgniter\Debug\Exceptions->errorHandler(2, 'include(/reviewslider.php): Failed to open stream: No such file or directory', 'D:\\xampp\\htdocs\\ecommerce\\app\\Views\\Shop\\page\\homepage.php', 247)
 2 APPPATH\Views\Shop\page\homepage.php(247): include()
 3 SYSTEMPATH\View\View.php(213): include('D:\\xampp\\htdocs\\ecommerce\\app\\Views\\Shop\\page\\homepage.php')
 4 SYSTEMPATH\View\View.php(216): CodeIgniter\View\View->CodeIgniter\View\{closure}()
 5 SYSTEMPATH\Common.php(1184): CodeIgniter\View\View->render('Shop/page/homepage', [], true)
 6 APPPATH\Controllers\Shop\Homepage.php(21): view('Shop/page/homepage', [...])
 7 SYSTEMPATH\CodeIgniter.php(934): App\Controllers\Shop\Homepage->homepage()
 8 SYSTEMPATH\CodeIgniter.php(499): CodeIgniter\CodeIgniter->runController(Object(App\Controllers\Shop\Homepage))
 9 SYSTEMPATH\CodeIgniter.php(368): CodeIgniter\CodeIgniter->handleRequest(null, Object(Config\Cache), false)
10 FCPATH\index.php(67): CodeIgniter\CodeIgniter->run()
INFO - 2024-04-21 07:58:46 --> Session: Class initialized using 'CodeIgniter\Session\Handlers\FileHandler' driver.
CRITICAL - 2024-04-21 07:58:46 --> include(/Layout/reviewslider.php): Failed to open stream: No such file or directory
in APPPATH\Views\Shop\page\homepage.php on line 247.
 1 APPPATH\Views\Shop\page\homepage.php(247): CodeIgniter\Debug\Exceptions->errorHandler(2, 'include(/Layout/reviewslider.php): Failed to open stream: No such file or directory', 'D:\\xampp\\htdocs\\ecommerce\\app\\Views\\Shop\\page\\homepage.php', 247)
 2 APPPATH\Views\Shop\page\homepage.php(247): include()
 3 SYSTEMPATH\View\View.php(213): include('D:\\xampp\\htdocs\\ecommerce\\app\\Views\\Shop\\page\\homepage.php')
 4 SYSTEMPATH\View\View.php(216): CodeIgniter\View\View->CodeIgniter\View\{closure}()
 5 SYSTEMPATH\Common.php(1184): CodeIgniter\View\View->render('Shop/page/homepage', [], true)
 6 APPPATH\Controllers\Shop\Homepage.php(21): view('Shop/page/homepage', [...])
 7 SYSTEMPATH\CodeIgniter.php(934): App\Controllers\Shop\Homepage->homepage()
 8 SYSTEMPATH\CodeIgniter.php(499): CodeIgniter\CodeIgniter->runController(Object(App\Controllers\Shop\Homepage))
 9 SYSTEMPATH\CodeIgniter.php(368): CodeIgniter\CodeIgniter->handleRequest(null, Object(Config\Cache), false)
10 FCPATH\index.php(67): CodeIgniter\CodeIgniter->run()
INFO - 2024-04-21 07:58:47 --> Session: Class initialized using 'CodeIgniter\Session\Handlers\FileHandler' driver.
CRITICAL - 2024-04-21 07:58:47 --> include(/Layout/reviewslider.php): Failed to open stream: No such file or directory
in APPPATH\Views\Shop\page\homepage.php on line 247.
 1 APPPATH\Views\Shop\page\homepage.php(247): CodeIgniter\Debug\Exceptions->errorHandler(2, 'include(/Layout/reviewslider.php): Failed to open stream: No such file or directory', 'D:\\xampp\\htdocs\\ecommerce\\app\\Views\\Shop\\page\\homepage.php', 247)
 2 APPPATH\Views\Shop\page\homepage.php(247): include()
 3 SYSTEMPATH\View\View.php(213): include('D:\\xampp\\htdocs\\ecommerce\\app\\Views\\Shop\\page\\homepage.php')
 4 SYSTEMPATH\View\View.php(216): CodeIgniter\View\View->CodeIgniter\View\{closure}()
 5 SYSTEMPATH\Common.php(1184): CodeIgniter\View\View->render('Shop/page/homepage', [], true)
 6 APPPATH\Controllers\Shop\Homepage.php(21): view('Shop/page/homepage', [...])
 7 SYSTEMPATH\CodeIgniter.php(934): App\Controllers\Shop\Homepage->homepage()
 8 SYSTEMPATH\CodeIgniter.php(499): CodeIgniter\CodeIgniter->runController(Object(App\Controllers\Shop\Homepage))
 9 SYSTEMPATH\CodeIgniter.php(368): CodeIgniter\CodeIgniter->handleRequest(null, Object(Config\Cache), false)
10 FCPATH\index.php(67): CodeIgniter\CodeIgniter->run()
INFO - 2024-04-21 07:58:55 --> Session: Class initialized using 'CodeIgniter\Session\Handlers\FileHandler' driver.
CRITICAL - 2024-04-21 07:58:56 --> include(Layout/reviewslider.php): Failed to open stream: No such file or directory
in APPPATH\Views\Shop\page\homepage.php on line 247.
 1 APPPATH\Views\Shop\page\homepage.php(247): CodeIgniter\Debug\Exceptions->errorHandler(2, 'include(Layout/reviewslider.php): Failed to open stream: No such file or directory', 'D:\\xampp\\htdocs\\ecommerce\\app\\Views\\Shop\\page\\homepage.php', 247)
 2 APPPATH\Views\Shop\page\homepage.php(247): include()
 3 SYSTEMPATH\View\View.php(213): include('D:\\xampp\\htdocs\\ecommerce\\app\\Views\\Shop\\page\\homepage.php')
 4 SYSTEMPATH\View\View.php(216): CodeIgniter\View\View->CodeIgniter\View\{closure}()
 5 SYSTEMPATH\Common.php(1184): CodeIgniter\View\View->render('Shop/page/homepage', [], true)
 6 APPPATH\Controllers\Shop\Homepage.php(21): view('Shop/page/homepage', [...])
 7 SYSTEMPATH\CodeIgniter.php(934): App\Controllers\Shop\Homepage->homepage()
 8 SYSTEMPATH\CodeIgniter.php(499): CodeIgniter\CodeIgniter->runController(Object(App\Controllers\Shop\Homepage))
 9 SYSTEMPATH\CodeIgniter.php(368): CodeIgniter\CodeIgniter->handleRequest(null, Object(Config\Cache), false)
10 FCPATH\index.php(67): CodeIgniter\CodeIgniter->run()
INFO - 2024-04-21 07:58:59 --> Session: Class initialized using 'CodeIgniter\Session\Handlers\FileHandler' driver.
CRITICAL - 2024-04-21 07:58:59 --> include(Layout/reviewslider.php): Failed to open stream: No such file or directory
in APPPATH\Views\Shop\page\homepage.php on line 247.
 1 APPPATH\Views\Shop\page\homepage.php(247): CodeIgniter\Debug\Exceptions->errorHandler(2, 'include(Layout/reviewslider.php): Failed to open stream: No such file or directory', 'D:\\xampp\\htdocs\\ecommerce\\app\\Views\\Shop\\page\\homepage.php', 247)
 2 APPPATH\Views\Shop\page\homepage.php(247): include()
 3 SYSTEMPATH\View\View.php(213): include('D:\\xampp\\htdocs\\ecommerce\\app\\Views\\Shop\\page\\homepage.php')
 4 SYSTEMPATH\View\View.php(216): CodeIgniter\View\View->CodeIgniter\View\{closure}()
 5 SYSTEMPATH\Common.php(1184): CodeIgniter\View\View->render('Shop/page/homepage', [], true)
 6 APPPATH\Controllers\Shop\Homepage.php(21): view('Shop/page/homepage', [...])
 7 SYSTEMPATH\CodeIgniter.php(934): App\Controllers\Shop\Homepage->homepage()
 8 SYSTEMPATH\CodeIgniter.php(499): CodeIgniter\CodeIgniter->runController(Object(App\Controllers\Shop\Homepage))
 9 SYSTEMPATH\CodeIgniter.php(368): CodeIgniter\CodeIgniter->handleRequest(null, Object(Config\Cache), false)
10 FCPATH\index.php(67): CodeIgniter\CodeIgniter->run()
INFO - 2024-04-21 07:59:04 --> Session: Class initialized using 'CodeIgniter\Session\Handlers\FileHandler' driver.
CRITICAL - 2024-04-21 07:59:05 --> include(../Layout/reviewslider.php): Failed to open stream: No such file or directory
in APPPATH\Views\Shop\page\homepage.php on line 247.
 1 APPPATH\Views\Shop\page\homepage.php(247): CodeIgniter\Debug\Exceptions->errorHandler(2, 'include(../Layout/reviewslider.php): Failed to open stream: No such file or directory', 'D:\\xampp\\htdocs\\ecommerce\\app\\Views\\Shop\\page\\homepage.php', 247)
 2 APPPATH\Views\Shop\page\homepage.php(247): include()
 3 SYSTEMPATH\View\View.php(213): include('D:\\xampp\\htdocs\\ecommerce\\app\\Views\\Shop\\page\\homepage.php')
 4 SYSTEMPATH\View\View.php(216): CodeIgniter\View\View->CodeIgniter\View\{closure}()
 5 SYSTEMPATH\Common.php(1184): CodeIgniter\View\View->render('Shop/page/homepage', [], true)
 6 APPPATH\Controllers\Shop\Homepage.php(21): view('Shop/page/homepage', [...])
 7 SYSTEMPATH\CodeIgniter.php(934): App\Controllers\Shop\Homepage->homepage()
 8 SYSTEMPATH\CodeIgniter.php(499): CodeIgniter\CodeIgniter->runController(Object(App\Controllers\Shop\Homepage))
 9 SYSTEMPATH\CodeIgniter.php(368): CodeIgniter\CodeIgniter->handleRequest(null, Object(Config\Cache), false)
10 FCPATH\index.php(67): CodeIgniter\CodeIgniter->run()
INFO - 2024-04-21 07:59:25 --> Session: Class initialized using 'CodeIgniter\Session\Handlers\FileHandler' driver.
CRITICAL - 2024-04-21 07:59:25 --> include(../Layout/reviewslider.php): Failed to open stream: No such file or directory
in APPPATH\Views\Shop\page\homepage.php on line 247.
 1 APPPATH\Views\Shop\page\homepage.php(247): CodeIgniter\Debug\Exceptions->errorHandler(2, 'include(../Layout/reviewslider.php): Failed to open stream: No such file or directory', 'D:\\xampp\\htdocs\\ecommerce\\app\\Views\\Shop\\page\\homepage.php', 247)
 2 APPPATH\Views\Shop\page\homepage.php(247): include()
 3 SYSTEMPATH\View\View.php(213): include('D:\\xampp\\htdocs\\ecommerce\\app\\Views\\Shop\\page\\homepage.php')
 4 SYSTEMPATH\View\View.php(216): CodeIgniter\View\View->CodeIgniter\View\{closure}()
 5 SYSTEMPATH\Common.php(1184): CodeIgniter\View\View->render('Shop/page/homepage', [], true)
 6 APPPATH\Controllers\Shop\Homepage.php(21): view('Shop/page/homepage', [...])
 7 SYSTEMPATH\CodeIgniter.php(934): App\Controllers\Shop\Homepage->homepage()
 8 SYSTEMPATH\CodeIgniter.php(499): CodeIgniter\CodeIgniter->runController(Object(App\Controllers\Shop\Homepage))
 9 SYSTEMPATH\CodeIgniter.php(368): CodeIgniter\CodeIgniter->handleRequest(null, Object(Config\Cache), false)
10 FCPATH\index.php(67): CodeIgniter\CodeIgniter->run()
INFO - 2024-04-21 08:00:09 --> Session: Class initialized using 'CodeIgniter\Session\Handlers\FileHandler' driver.
CRITICAL - 2024-04-21 08:00:09 --> include(../../Layout/reviewslider.php): Failed to open stream: No such file or directory
in APPPATH\Views\Shop\page\homepage.php on line 247.
 1 APPPATH\Views\Shop\page\homepage.php(247): CodeIgniter\Debug\Exceptions->errorHandler(2, 'include(../../Layout/reviewslider.php): Failed to open stream: No such file or directory', 'D:\\xampp\\htdocs\\ecommerce\\app\\Views\\Shop\\page\\homepage.php', 247)
 2 APPPATH\Views\Shop\page\homepage.php(247): include()
 3 SYSTEMPATH\View\View.php(213): include('D:\\xampp\\htdocs\\ecommerce\\app\\Views\\Shop\\page\\homepage.php')
 4 SYSTEMPATH\View\View.php(216): CodeIgniter\View\View->CodeIgniter\View\{closure}()
 5 SYSTEMPATH\Common.php(1184): CodeIgniter\View\View->render('Shop/page/homepage', [], true)
 6 APPPATH\Controllers\Shop\Homepage.php(21): view('Shop/page/homepage', [...])
 7 SYSTEMPATH\CodeIgniter.php(934): App\Controllers\Shop\Homepage->homepage()
 8 SYSTEMPATH\CodeIgniter.php(499): CodeIgniter\CodeIgniter->runController(Object(App\Controllers\Shop\Homepage))
 9 SYSTEMPATH\CodeIgniter.php(368): CodeIgniter\CodeIgniter->handleRequest(null, Object(Config\Cache), false)
10 FCPATH\index.php(67): CodeIgniter\CodeIgniter->run()
INFO - 2024-04-21 08:00:10 --> Session: Class initialized using 'CodeIgniter\Session\Handlers\FileHandler' driver.
CRITICAL - 2024-04-21 08:00:10 --> include(../../Layout/reviewslider.php): Failed to open stream: No such file or directory
in APPPATH\Views\Shop\page\homepage.php on line 247.
 1 APPPATH\Views\Shop\page\homepage.php(247): CodeIgniter\Debug\Exceptions->errorHandler(2, 'include(../../Layout/reviewslider.php): Failed to open stream: No such file or directory', 'D:\\xampp\\htdocs\\ecommerce\\app\\Views\\Shop\\page\\homepage.php', 247)
 2 APPPATH\Views\Shop\page\homepage.php(247): include()
 3 SYSTEMPATH\View\View.php(213): include('D:\\xampp\\htdocs\\ecommerce\\app\\Views\\Shop\\page\\homepage.php')
 4 SYSTEMPATH\View\View.php(216): CodeIgniter\View\View->CodeIgniter\View\{closure}()
 5 SYSTEMPATH\Common.php(1184): CodeIgniter\View\View->render('Shop/page/homepage', [], true)
 6 APPPATH\Controllers\Shop\Homepage.php(21): view('Shop/page/homepage', [...])
 7 SYSTEMPATH\CodeIgniter.php(934): App\Controllers\Shop\Homepage->homepage()
 8 SYSTEMPATH\CodeIgniter.php(499): CodeIgniter\CodeIgniter->runController(Object(App\Controllers\Shop\Homepage))
 9 SYSTEMPATH\CodeIgniter.php(368): CodeIgniter\CodeIgniter->handleRequest(null, Object(Config\Cache), false)
10 FCPATH\index.php(67): CodeIgniter\CodeIgniter->run()
INFO - 2024-04-21 08:00:19 --> Session: Class initialized using 'CodeIgniter\Session\Handlers\FileHandler' driver.
CRITICAL - 2024-04-21 08:00:19 --> include(../../Layout): Failed to open stream: No such file or directory
in APPPATH\Views\Shop\page\homepage.php on line 247.
 1 APPPATH\Views\Shop\page\homepage.php(247): CodeIgniter\Debug\Exceptions->errorHandler(2, 'include(../../Layout): Failed to open stream: No such file or directory', 'D:\\xampp\\htdocs\\ecommerce\\app\\Views\\Shop\\page\\homepage.php', 247)
 2 APPPATH\Views\Shop\page\homepage.php(247): include()
 3 SYSTEMPATH\View\View.php(213): include('D:\\xampp\\htdocs\\ecommerce\\app\\Views\\Shop\\page\\homepage.php')
 4 SYSTEMPATH\View\View.php(216): CodeIgniter\View\View->CodeIgniter\View\{closure}()
 5 SYSTEMPATH\Common.php(1184): CodeIgniter\View\View->render('Shop/page/homepage', [], true)
 6 APPPATH\Controllers\Shop\Homepage.php(21): view('Shop/page/homepage', [...])
 7 SYSTEMPATH\CodeIgniter.php(934): App\Controllers\Shop\Homepage->homepage()
 8 SYSTEMPATH\CodeIgniter.php(499): CodeIgniter\CodeIgniter->runController(Object(App\Controllers\Shop\Homepage))
 9 SYSTEMPATH\CodeIgniter.php(368): CodeIgniter\CodeIgniter->handleRequest(null, Object(Config\Cache), false)
10 FCPATH\index.php(67): CodeIgniter\CodeIgniter->run()
INFO - 2024-04-21 08:00:23 --> Session: Class initialized using 'CodeIgniter\Session\Handlers\FileHandler' driver.
CRITICAL - 2024-04-21 08:00:23 --> include(D:\xampp): Failed to open stream: Permission denied
in APPPATH\Views\Shop\page\homepage.php on line 247.
 1 APPPATH\Views\Shop\page\homepage.php(247): CodeIgniter\Debug\Exceptions->errorHandler(2, 'include(D:\\xampp): Failed to open stream: Permission denied', 'D:\\xampp\\htdocs\\ecommerce\\app\\Views\\Shop\\page\\homepage.php', 247)
 2 APPPATH\Views\Shop\page\homepage.php(247): include()
 3 SYSTEMPATH\View\View.php(213): include('D:\\xampp\\htdocs\\ecommerce\\app\\Views\\Shop\\page\\homepage.php')
 4 SYSTEMPATH\View\View.php(216): CodeIgniter\View\View->CodeIgniter\View\{closure}()
 5 SYSTEMPATH\Common.php(1184): CodeIgniter\View\View->render('Shop/page/homepage', [], true)
 6 APPPATH\Controllers\Shop\Homepage.php(21): view('Shop/page/homepage', [...])
 7 SYSTEMPATH\CodeIgniter.php(934): App\Controllers\Shop\Homepage->homepage()
 8 SYSTEMPATH\CodeIgniter.php(499): CodeIgniter\CodeIgniter->runController(Object(App\Controllers\Shop\Homepage))
 9 SYSTEMPATH\CodeIgniter.php(368): CodeIgniter\CodeIgniter->handleRequest(null, Object(Config\Cache), false)
10 FCPATH\index.php(67): CodeIgniter\CodeIgniter->run()
INFO - 2024-04-21 08:00:32 --> Session: Class initialized using 'CodeIgniter\Session\Handlers\FileHandler' driver.
CRITICAL - 2024-04-21 08:00:32 --> include(D:\xampp\htdocs): Failed to open stream: Permission denied
in APPPATH\Views\Shop\page\homepage.php on line 247.
 1 APPPATH\Views\Shop\page\homepage.php(247): CodeIgniter\Debug\Exceptions->errorHandler(2, 'include(D:\\xampp\\htdocs): Failed to open stream: Permission denied', 'D:\\xampp\\htdocs\\ecommerce\\app\\Views\\Shop\\page\\homepage.php', 247)
 2 APPPATH\Views\Shop\page\homepage.php(247): include()
 3 SYSTEMPATH\View\View.php(213): include('D:\\xampp\\htdocs\\ecommerce\\app\\Views\\Shop\\page\\homepage.php')
 4 SYSTEMPATH\View\View.php(216): CodeIgniter\View\View->CodeIgniter\View\{closure}()
 5 SYSTEMPATH\Common.php(1184): CodeIgniter\View\View->render('Shop/page/homepage', [], true)
 6 APPPATH\Controllers\Shop\Homepage.php(21): view('Shop/page/homepage', [...])
 7 SYSTEMPATH\CodeIgniter.php(934): App\Controllers\Shop\Homepage->homepage()
 8 SYSTEMPATH\CodeIgniter.php(499): CodeIgniter\CodeIgniter->runController(Object(App\Controllers\Shop\Homepage))
 9 SYSTEMPATH\CodeIgniter.php(368): CodeIgniter\CodeIgniter->handleRequest(null, Object(Config\Cache), false)
10 FCPATH\index.php(67): CodeIgniter\CodeIgniter->run()
INFO - 2024-04-21 08:00:44 --> Session: Class initialized using 'CodeIgniter\Session\Handlers\FileHandler' driver.
CRITICAL - 2024-04-21 08:00:44 --> include(D:\xampp\htdocs): Failed to open stream: Permission denied
in APPPATH\Views\Shop\page\homepage.php on line 247.
 1 APPPATH\Views\Shop\page\homepage.php(247): CodeIgniter\Debug\Exceptions->errorHandler(2, 'include(D:\\xampp\\htdocs): Failed to open stream: Permission denied', 'D:\\xampp\\htdocs\\ecommerce\\app\\Views\\Shop\\page\\homepage.php', 247)
 2 APPPATH\Views\Shop\page\homepage.php(247): include()
 3 SYSTEMPATH\View\View.php(213): include('D:\\xampp\\htdocs\\ecommerce\\app\\Views\\Shop\\page\\homepage.php')
 4 SYSTEMPATH\View\View.php(216): CodeIgniter\View\View->CodeIgniter\View\{closure}()
 5 SYSTEMPATH\Common.php(1184): CodeIgniter\View\View->render('Shop/page/homepage', [], true)
 6 APPPATH\Controllers\Shop\Homepage.php(21): view('Shop/page/homepage', [...])
 7 SYSTEMPATH\CodeIgniter.php(934): App\Controllers\Shop\Homepage->homepage()
 8 SYSTEMPATH\CodeIgniter.php(499): CodeIgniter\CodeIgniter->runController(Object(App\Controllers\Shop\Homepage))
 9 SYSTEMPATH\CodeIgniter.php(368): CodeIgniter\CodeIgniter->handleRequest(null, Object(Config\Cache), false)
10 FCPATH\index.php(67): CodeIgniter\CodeIgniter->run()
INFO - 2024-04-21 08:01:00 --> Session: Class initialized using 'CodeIgniter\Session\Handlers\FileHandler' driver.
INFO - 2024-04-21 08:01:12 --> Session: Class initialized using 'CodeIgniter\Session\Handlers\FileHandler' driver.
CRITICAL - 2024-04-21 08:01:12 --> include(page/cart.php): Failed to open stream: No such file or directory
in APPPATH\Views\Shop\page\homepage.php on line 247.
 1 APPPATH\Views\Shop\page\homepage.php(247): CodeIgniter\Debug\Exceptions->errorHandler(2, 'include(page/cart.php): Failed to open stream: No such file or directory', 'D:\\xampp\\htdocs\\ecommerce\\app\\Views\\Shop\\page\\homepage.php', 247)
 2 APPPATH\Views\Shop\page\homepage.php(247): include()
 3 SYSTEMPATH\View\View.php(213): include('D:\\xampp\\htdocs\\ecommerce\\app\\Views\\Shop\\page\\homepage.php')
 4 SYSTEMPATH\View\View.php(216): CodeIgniter\View\View->CodeIgniter\View\{closure}()
 5 SYSTEMPATH\Common.php(1184): CodeIgniter\View\View->render('Shop/page/homepage', [], true)
 6 APPPATH\Controllers\Shop\Homepage.php(21): view('Shop/page/homepage', [...])
 7 SYSTEMPATH\CodeIgniter.php(934): App\Controllers\Shop\Homepage->homepage()
 8 SYSTEMPATH\CodeIgniter.php(499): CodeIgniter\CodeIgniter->runController(Object(App\Controllers\Shop\Homepage))
 9 SYSTEMPATH\CodeIgniter.php(368): CodeIgniter\CodeIgniter->handleRequest(null, Object(Config\Cache), false)
10 FCPATH\index.php(67): CodeIgniter\CodeIgniter->run()
INFO - 2024-04-21 08:01:17 --> Session: Class initialized using 'CodeIgniter\Session\Handlers\FileHandler' driver.
CRITICAL - 2024-04-21 08:01:17 --> include(/page/cart.php): Failed to open stream: No such file or directory
in APPPATH\Views\Shop\page\homepage.php on line 247.
 1 APPPATH\Views\Shop\page\homepage.php(247): CodeIgniter\Debug\Exceptions->errorHandler(2, 'include(/page/cart.php): Failed to open stream: No such file or directory', 'D:\\xampp\\htdocs\\ecommerce\\app\\Views\\Shop\\page\\homepage.php', 247)
 2 APPPATH\Views\Shop\page\homepage.php(247): include()
 3 SYSTEMPATH\View\View.php(213): include('D:\\xampp\\htdocs\\ecommerce\\app\\Views\\Shop\\page\\homepage.php')
 4 SYSTEMPATH\View\View.php(216): CodeIgniter\View\View->CodeIgniter\View\{closure}()
 5 SYSTEMPATH\Common.php(1184): CodeIgniter\View\View->render('Shop/page/homepage', [], true)
 6 APPPATH\Controllers\Shop\Homepage.php(21): view('Shop/page/homepage', [...])
 7 SYSTEMPATH\CodeIgniter.php(934): App\Controllers\Shop\Homepage->homepage()
 8 SYSTEMPATH\CodeIgniter.php(499): CodeIgniter\CodeIgniter->runController(Object(App\Controllers\Shop\Homepage))
 9 SYSTEMPATH\CodeIgniter.php(368): CodeIgniter\CodeIgniter->handleRequest(null, Object(Config\Cache), false)
10 FCPATH\index.php(67): CodeIgniter\CodeIgniter->run()
INFO - 2024-04-21 08:01:21 --> Session: Class initialized using 'CodeIgniter\Session\Handlers\FileHandler' driver.
CRITICAL - 2024-04-21 08:01:21 --> include(../page/cart.php): Failed to open stream: No such file or directory
in APPPATH\Views\Shop\page\homepage.php on line 247.
 1 APPPATH\Views\Shop\page\homepage.php(247): CodeIgniter\Debug\Exceptions->errorHandler(2, 'include(../page/cart.php): Failed to open stream: No such file or directory', 'D:\\xampp\\htdocs\\ecommerce\\app\\Views\\Shop\\page\\homepage.php', 247)
 2 APPPATH\Views\Shop\page\homepage.php(247): include()
 3 SYSTEMPATH\View\View.php(213): include('D:\\xampp\\htdocs\\ecommerce\\app\\Views\\Shop\\page\\homepage.php')
 4 SYSTEMPATH\View\View.php(216): CodeIgniter\View\View->CodeIgniter\View\{closure}()
 5 SYSTEMPATH\Common.php(1184): CodeIgniter\View\View->render('Shop/page/homepage', [], true)
 6 APPPATH\Controllers\Shop\Homepage.php(21): view('Shop/page/homepage', [...])
 7 SYSTEMPATH\CodeIgniter.php(934): App\Controllers\Shop\Homepage->homepage()
 8 SYSTEMPATH\CodeIgniter.php(499): CodeIgniter\CodeIgniter->runController(Object(App\Controllers\Shop\Homepage))
 9 SYSTEMPATH\CodeIgniter.php(368): CodeIgniter\CodeIgniter->handleRequest(null, Object(Config\Cache), false)
10 FCPATH\index.php(67): CodeIgniter\CodeIgniter->run()
INFO - 2024-04-21 08:01:22 --> Session: Class initialized using 'CodeIgniter\Session\Handlers\FileHandler' driver.
CRITICAL - 2024-04-21 08:01:22 --> include(../page/cart.php): Failed to open stream: No such file or directory
in APPPATH\Views\Shop\page\homepage.php on line 247.
 1 APPPATH\Views\Shop\page\homepage.php(247): CodeIgniter\Debug\Exceptions->errorHandler(2, 'include(../page/cart.php): Failed to open stream: No such file or directory', 'D:\\xampp\\htdocs\\ecommerce\\app\\Views\\Shop\\page\\homepage.php', 247)
 2 APPPATH\Views\Shop\page\homepage.php(247): include()
 3 SYSTEMPATH\View\View.php(213): include('D:\\xampp\\htdocs\\ecommerce\\app\\Views\\Shop\\page\\homepage.php')
 4 SYSTEMPATH\View\View.php(216): CodeIgniter\View\View->CodeIgniter\View\{closure}()
 5 SYSTEMPATH\Common.php(1184): CodeIgniter\View\View->render('Shop/page/homepage', [], true)
 6 APPPATH\Controllers\Shop\Homepage.php(21): view('Shop/page/homepage', [...])
 7 SYSTEMPATH\CodeIgniter.php(934): App\Controllers\Shop\Homepage->homepage()
 8 SYSTEMPATH\CodeIgniter.php(499): CodeIgniter\CodeIgniter->runController(Object(App\Controllers\Shop\Homepage))
 9 SYSTEMPATH\CodeIgniter.php(368): CodeIgniter\CodeIgniter->handleRequest(null, Object(Config\Cache), false)
10 FCPATH\index.php(67): CodeIgniter\CodeIgniter->run()
INFO - 2024-04-21 08:01:28 --> Session: Class initialized using 'CodeIgniter\Session\Handlers\FileHandler' driver.
CRITICAL - 2024-04-21 08:01:28 --> include(./page/cart.php): Failed to open stream: No such file or directory
in APPPATH\Views\Shop\page\homepage.php on line 247.
 1 APPPATH\Views\Shop\page\homepage.php(247): CodeIgniter\Debug\Exceptions->errorHandler(2, 'include(./page/cart.php): Failed to open stream: No such file or directory', 'D:\\xampp\\htdocs\\ecommerce\\app\\Views\\Shop\\page\\homepage.php', 247)
 2 APPPATH\Views\Shop\page\homepage.php(247): include()
 3 SYSTEMPATH\View\View.php(213): include('D:\\xampp\\htdocs\\ecommerce\\app\\Views\\Shop\\page\\homepage.php')
 4 SYSTEMPATH\View\View.php(216): CodeIgniter\View\View->CodeIgniter\View\{closure}()
 5 SYSTEMPATH\Common.php(1184): CodeIgniter\View\View->render('Shop/page/homepage', [], true)
 6 APPPATH\Controllers\Shop\Homepage.php(21): view('Shop/page/homepage', [...])
 7 SYSTEMPATH\CodeIgniter.php(934): App\Controllers\Shop\Homepage->homepage()
 8 SYSTEMPATH\CodeIgniter.php(499): CodeIgniter\CodeIgniter->runController(Object(App\Controllers\Shop\Homepage))
 9 SYSTEMPATH\CodeIgniter.php(368): CodeIgniter\CodeIgniter->handleRequest(null, Object(Config\Cache), false)
10 FCPATH\index.php(67): CodeIgniter\CodeIgniter->run()
INFO - 2024-04-21 08:01:29 --> Session: Class initialized using 'CodeIgniter\Session\Handlers\FileHandler' driver.
CRITICAL - 2024-04-21 08:01:29 --> include(./page/cart.php): Failed to open stream: No such file or directory
in APPPATH\Views\Shop\page\homepage.php on line 247.
 1 APPPATH\Views\Shop\page\homepage.php(247): CodeIgniter\Debug\Exceptions->errorHandler(2, 'include(./page/cart.php): Failed to open stream: No such file or directory', 'D:\\xampp\\htdocs\\ecommerce\\app\\Views\\Shop\\page\\homepage.php', 247)
 2 APPPATH\Views\Shop\page\homepage.php(247): include()
 3 SYSTEMPATH\View\View.php(213): include('D:\\xampp\\htdocs\\ecommerce\\app\\Views\\Shop\\page\\homepage.php')
 4 SYSTEMPATH\View\View.php(216): CodeIgniter\View\View->CodeIgniter\View\{closure}()
 5 SYSTEMPATH\Common.php(1184): CodeIgniter\View\View->render('Shop/page/homepage', [], true)
 6 APPPATH\Controllers\Shop\Homepage.php(21): view('Shop/page/homepage', [...])
 7 SYSTEMPATH\CodeIgniter.php(934): App\Controllers\Shop\Homepage->homepage()
 8 SYSTEMPATH\CodeIgniter.php(499): CodeIgniter\CodeIgniter->runController(Object(App\Controllers\Shop\Homepage))
 9 SYSTEMPATH\CodeIgniter.php(368): CodeIgniter\CodeIgniter->handleRequest(null, Object(Config\Cache), false)
10 FCPATH\index.php(67): CodeIgniter\CodeIgniter->run()
INFO - 2024-04-21 08:02:50 --> Session: Class initialized using 'CodeIgniter\Session\Handlers\FileHandler' driver.
CRITICAL - 2024-04-21 08:02:50 --> include(\app\Views\Shop\Layout\reviewslider.php): Failed to open stream: No such file or directory
in APPPATH\Views\Shop\page\homepage.php on line 247.
 1 APPPATH\Views\Shop\page\homepage.php(247): CodeIgniter\Debug\Exceptions->errorHandler(2, 'include(\\app\\Views\\Shop\\Layout\\reviewslider.php): Failed to open stream: No such file or directory', 'D:\\xampp\\htdocs\\ecommerce\\app\\Views\\Shop\\page\\homepage.php', 247)
 2 APPPATH\Views\Shop\page\homepage.php(247): include()
 3 SYSTEMPATH\View\View.php(213): include('D:\\xampp\\htdocs\\ecommerce\\app\\Views\\Shop\\page\\homepage.php')
 4 SYSTEMPATH\View\View.php(216): CodeIgniter\View\View->CodeIgniter\View\{closure}()
 5 SYSTEMPATH\Common.php(1184): CodeIgniter\View\View->render('Shop/page/homepage', [], true)
 6 APPPATH\Controllers\Shop\Homepage.php(21): view('Shop/page/homepage', [...])
 7 SYSTEMPATH\CodeIgniter.php(934): App\Controllers\Shop\Homepage->homepage()
 8 SYSTEMPATH\CodeIgniter.php(499): CodeIgniter\CodeIgniter->runController(Object(App\Controllers\Shop\Homepage))
 9 SYSTEMPATH\CodeIgniter.php(368): CodeIgniter\CodeIgniter->handleRequest(null, Object(Config\Cache), false)
10 FCPATH\index.php(67): CodeIgniter\CodeIgniter->run()
INFO - 2024-04-21 08:03:14 --> Session: Class initialized using 'CodeIgniter\Session\Handlers\FileHandler' driver.
CRITICAL - 2024-04-21 08:03:14 --> include(/app/Views/Shop/Layout/reviewslider.php): Failed to open stream: No such file or directory
in APPPATH\Views\Shop\page\homepage.php on line 247.
 1 APPPATH\Views\Shop\page\homepage.php(247): CodeIgniter\Debug\Exceptions->errorHandler(2, 'include(/app/Views/Shop/Layout/reviewslider.php): Failed to open stream: No such file or directory', 'D:\\xampp\\htdocs\\ecommerce\\app\\Views\\Shop\\page\\homepage.php', 247)
 2 APPPATH\Views\Shop\page\homepage.php(247): include()
 3 SYSTEMPATH\View\View.php(213): include('D:\\xampp\\htdocs\\ecommerce\\app\\Views\\Shop\\page\\homepage.php')
 4 SYSTEMPATH\View\View.php(216): CodeIgniter\View\View->CodeIgniter\View\{closure}()
 5 SYSTEMPATH\Common.php(1184): CodeIgniter\View\View->render('Shop/page/homepage', [], true)
 6 APPPATH\Controllers\Shop\Homepage.php(21): view('Shop/page/homepage', [...])
 7 SYSTEMPATH\CodeIgniter.php(934): App\Controllers\Shop\Homepage->homepage()
 8 SYSTEMPATH\CodeIgniter.php(499): CodeIgniter\CodeIgniter->runController(Object(App\Controllers\Shop\Homepage))
 9 SYSTEMPATH\CodeIgniter.php(368): CodeIgniter\CodeIgniter->handleRequest(null, Object(Config\Cache), false)
10 FCPATH\index.php(67): CodeIgniter\CodeIgniter->run()
INFO - 2024-04-21 08:03:21 --> Session: Class initialized using 'CodeIgniter\Session\Handlers\FileHandler' driver.
CRITICAL - 2024-04-21 08:03:21 --> include(Shop/Layout/reviewslider.php): Failed to open stream: No such file or directory
in APPPATH\Views\Shop\page\homepage.php on line 247.
 1 APPPATH\Views\Shop\page\homepage.php(247): CodeIgniter\Debug\Exceptions->errorHandler(2, 'include(Shop/Layout/reviewslider.php): Failed to open stream: No such file or directory', 'D:\\xampp\\htdocs\\ecommerce\\app\\Views\\Shop\\page\\homepage.php', 247)
 2 APPPATH\Views\Shop\page\homepage.php(247): include()
 3 SYSTEMPATH\View\View.php(213): include('D:\\xampp\\htdocs\\ecommerce\\app\\Views\\Shop\\page\\homepage.php')
 4 SYSTEMPATH\View\View.php(216): CodeIgniter\View\View->CodeIgniter\View\{closure}()
 5 SYSTEMPATH\Common.php(1184): CodeIgniter\View\View->render('Shop/page/homepage', [], true)
 6 APPPATH\Controllers\Shop\Homepage.php(21): view('Shop/page/homepage', [...])
 7 SYSTEMPATH\CodeIgniter.php(934): App\Controllers\Shop\Homepage->homepage()
 8 SYSTEMPATH\CodeIgniter.php(499): CodeIgniter\CodeIgniter->runController(Object(App\Controllers\Shop\Homepage))
 9 SYSTEMPATH\CodeIgniter.php(368): CodeIgniter\CodeIgniter->handleRequest(null, Object(Config\Cache), false)
10 FCPATH\index.php(67): CodeIgniter\CodeIgniter->run()
INFO - 2024-04-21 08:03:24 --> Session: Class initialized using 'CodeIgniter\Session\Handlers\FileHandler' driver.
CRITICAL - 2024-04-21 08:03:24 --> include(../Shop/Layout/reviewslider.php): Failed to open stream: No such file or directory
in APPPATH\Views\Shop\page\homepage.php on line 247.
 1 APPPATH\Views\Shop\page\homepage.php(247): CodeIgniter\Debug\Exceptions->errorHandler(2, 'include(../Shop/Layout/reviewslider.php): Failed to open stream: No such file or directory', 'D:\\xampp\\htdocs\\ecommerce\\app\\Views\\Shop\\page\\homepage.php', 247)
 2 APPPATH\Views\Shop\page\homepage.php(247): include()
 3 SYSTEMPATH\View\View.php(213): include('D:\\xampp\\htdocs\\ecommerce\\app\\Views\\Shop\\page\\homepage.php')
 4 SYSTEMPATH\View\View.php(216): CodeIgniter\View\View->CodeIgniter\View\{closure}()
 5 SYSTEMPATH\Common.php(1184): CodeIgniter\View\View->render('Shop/page/homepage', [], true)
 6 APPPATH\Controllers\Shop\Homepage.php(21): view('Shop/page/homepage', [...])
 7 SYSTEMPATH\CodeIgniter.php(934): App\Controllers\Shop\Homepage->homepage()
 8 SYSTEMPATH\CodeIgniter.php(499): CodeIgniter\CodeIgniter->runController(Object(App\Controllers\Shop\Homepage))
 9 SYSTEMPATH\CodeIgniter.php(368): CodeIgniter\CodeIgniter->handleRequest(null, Object(Config\Cache), false)
10 FCPATH\index.php(67): CodeIgniter\CodeIgniter->run()
INFO - 2024-04-21 08:03:26 --> Session: Class initialized using 'CodeIgniter\Session\Handlers\FileHandler' driver.
CRITICAL - 2024-04-21 08:03:27 --> include(../../Shop/Layout/reviewslider.php): Failed to open stream: No such file or directory
in APPPATH\Views\Shop\page\homepage.php on line 247.
 1 APPPATH\Views\Shop\page\homepage.php(247): CodeIgniter\Debug\Exceptions->errorHandler(2, 'include(../../Shop/Layout/reviewslider.php): Failed to open stream: No such file or directory', 'D:\\xampp\\htdocs\\ecommerce\\app\\Views\\Shop\\page\\homepage.php', 247)
 2 APPPATH\Views\Shop\page\homepage.php(247): include()
 3 SYSTEMPATH\View\View.php(213): include('D:\\xampp\\htdocs\\ecommerce\\app\\Views\\Shop\\page\\homepage.php')
 4 SYSTEMPATH\View\View.php(216): CodeIgniter\View\View->CodeIgniter\View\{closure}()
 5 SYSTEMPATH\Common.php(1184): CodeIgniter\View\View->render('Shop/page/homepage', [], true)
 6 APPPATH\Controllers\Shop\Homepage.php(21): view('Shop/page/homepage', [...])
 7 SYSTEMPATH\CodeIgniter.php(934): App\Controllers\Shop\Homepage->homepage()
 8 SYSTEMPATH\CodeIgniter.php(499): CodeIgniter\CodeIgniter->runController(Object(App\Controllers\Shop\Homepage))
 9 SYSTEMPATH\CodeIgniter.php(368): CodeIgniter\CodeIgniter->handleRequest(null, Object(Config\Cache), false)
10 FCPATH\index.php(67): CodeIgniter\CodeIgniter->run()
INFO - 2024-04-21 08:03:31 --> Session: Class initialized using 'CodeIgniter\Session\Handlers\FileHandler' driver.
CRITICAL - 2024-04-21 08:03:31 --> include(../../../Shop/Layout/reviewslider.php): Failed to open stream: No such file or directory
in APPPATH\Views\Shop\page\homepage.php on line 247.
 1 APPPATH\Views\Shop\page\homepage.php(247): CodeIgniter\Debug\Exceptions->errorHandler(2, 'include(../../../Shop/Layout/reviewslider.php): Failed to open stream: No such file or directory', 'D:\\xampp\\htdocs\\ecommerce\\app\\Views\\Shop\\page\\homepage.php', 247)
 2 APPPATH\Views\Shop\page\homepage.php(247): include()
 3 SYSTEMPATH\View\View.php(213): include('D:\\xampp\\htdocs\\ecommerce\\app\\Views\\Shop\\page\\homepage.php')
 4 SYSTEMPATH\View\View.php(216): CodeIgniter\View\View->CodeIgniter\View\{closure}()
 5 SYSTEMPATH\Common.php(1184): CodeIgniter\View\View->render('Shop/page/homepage', [], true)
 6 APPPATH\Controllers\Shop\Homepage.php(21): view('Shop/page/homepage', [...])
 7 SYSTEMPATH\CodeIgniter.php(934): App\Controllers\Shop\Homepage->homepage()
 8 SYSTEMPATH\CodeIgniter.php(499): CodeIgniter\CodeIgniter->runController(Object(App\Controllers\Shop\Homepage))
 9 SYSTEMPATH\CodeIgniter.php(368): CodeIgniter\CodeIgniter->handleRequest(null, Object(Config\Cache), false)
10 FCPATH\index.php(67): CodeIgniter\CodeIgniter->run()
INFO - 2024-04-21 08:03:34 --> Session: Class initialized using 'CodeIgniter\Session\Handlers\FileHandler' driver.
CRITICAL - 2024-04-21 08:03:34 --> include(../../../../Shop/Layout/reviewslider.php): Failed to open stream: No such file or directory
in APPPATH\Views\Shop\page\homepage.php on line 247.
 1 APPPATH\Views\Shop\page\homepage.php(247): CodeIgniter\Debug\Exceptions->errorHandler(2, 'include(../../../../Shop/Layout/reviewslider.php): Failed to open stream: No such file or directory', 'D:\\xampp\\htdocs\\ecommerce\\app\\Views\\Shop\\page\\homepage.php', 247)
 2 APPPATH\Views\Shop\page\homepage.php(247): include()
 3 SYSTEMPATH\View\View.php(213): include('D:\\xampp\\htdocs\\ecommerce\\app\\Views\\Shop\\page\\homepage.php')
 4 SYSTEMPATH\View\View.php(216): CodeIgniter\View\View->CodeIgniter\View\{closure}()
 5 SYSTEMPATH\Common.php(1184): CodeIgniter\View\View->render('Shop/page/homepage', [], true)
 6 APPPATH\Controllers\Shop\Homepage.php(21): view('Shop/page/homepage', [...])
 7 SYSTEMPATH\CodeIgniter.php(934): App\Controllers\Shop\Homepage->homepage()
 8 SYSTEMPATH\CodeIgniter.php(499): CodeIgniter\CodeIgniter->runController(Object(App\Controllers\Shop\Homepage))
 9 SYSTEMPATH\CodeIgniter.php(368): CodeIgniter\CodeIgniter->handleRequest(null, Object(Config\Cache), false)
10 FCPATH\index.php(67): CodeIgniter\CodeIgniter->run()
INFO - 2024-04-21 08:03:45 --> Session: Class initialized using 'CodeIgniter\Session\Handlers\FileHandler' driver.
CRITICAL - 2024-04-21 08:03:45 --> include(./Shop/Layout/reviewslider.php): Failed to open stream: No such file or directory
in APPPATH\Views\Shop\page\homepage.php on line 247.
 1 APPPATH\Views\Shop\page\homepage.php(247): CodeIgniter\Debug\Exceptions->errorHandler(2, 'include(./Shop/Layout/reviewslider.php): Failed to open stream: No such file or directory', 'D:\\xampp\\htdocs\\ecommerce\\app\\Views\\Shop\\page\\homepage.php', 247)
 2 APPPATH\Views\Shop\page\homepage.php(247): include()
 3 SYSTEMPATH\View\View.php(213): include('D:\\xampp\\htdocs\\ecommerce\\app\\Views\\Shop\\page\\homepage.php')
 4 SYSTEMPATH\View\View.php(216): CodeIgniter\View\View->CodeIgniter\View\{closure}()
 5 SYSTEMPATH\Common.php(1184): CodeIgniter\View\View->render('Shop/page/homepage', [], true)
 6 APPPATH\Controllers\Shop\Homepage.php(21): view('Shop/page/homepage', [...])
 7 SYSTEMPATH\CodeIgniter.php(934): App\Controllers\Shop\Homepage->homepage()
 8 SYSTEMPATH\CodeIgniter.php(499): CodeIgniter\CodeIgniter->runController(Object(App\Controllers\Shop\Homepage))
 9 SYSTEMPATH\CodeIgniter.php(368): CodeIgniter\CodeIgniter->handleRequest(null, Object(Config\Cache), false)
10 FCPATH\index.php(67): CodeIgniter\CodeIgniter->run()
INFO - 2024-04-21 08:03:58 --> Session: Class initialized using 'CodeIgniter\Session\Handlers\FileHandler' driver.
CRITICAL - 2024-04-21 08:03:58 --> include(../Layout/reviewslider.php): Failed to open stream: No such file or directory
in APPPATH\Views\Shop\page\homepage.php on line 247.
 1 APPPATH\Views\Shop\page\homepage.php(247): CodeIgniter\Debug\Exceptions->errorHandler(2, 'include(../Layout/reviewslider.php): Failed to open stream: No such file or directory', 'D:\\xampp\\htdocs\\ecommerce\\app\\Views\\Shop\\page\\homepage.php', 247)
 2 APPPATH\Views\Shop\page\homepage.php(247): include()
 3 SYSTEMPATH\View\View.php(213): include('D:\\xampp\\htdocs\\ecommerce\\app\\Views\\Shop\\page\\homepage.php')
 4 SYSTEMPATH\View\View.php(216): CodeIgniter\View\View->CodeIgniter\View\{closure}()
 5 SYSTEMPATH\Common.php(1184): CodeIgniter\View\View->render('Shop/page/homepage', [], true)
 6 APPPATH\Controllers\Shop\Homepage.php(21): view('Shop/page/homepage', [...])
 7 SYSTEMPATH\CodeIgniter.php(934): App\Controllers\Shop\Homepage->homepage()
 8 SYSTEMPATH\CodeIgniter.php(499): CodeIgniter\CodeIgniter->runController(Object(App\Controllers\Shop\Homepage))
 9 SYSTEMPATH\CodeIgniter.php(368): CodeIgniter\CodeIgniter->handleRequest(null, Object(Config\Cache), false)
10 FCPATH\index.php(67): CodeIgniter\CodeIgniter->run()
INFO - 2024-04-21 08:03:59 --> Session: Class initialized using 'CodeIgniter\Session\Handlers\FileHandler' driver.
CRITICAL - 2024-04-21 08:03:59 --> include(../Layout/reviewslider.php): Failed to open stream: No such file or directory
in APPPATH\Views\Shop\page\homepage.php on line 247.
 1 APPPATH\Views\Shop\page\homepage.php(247): CodeIgniter\Debug\Exceptions->errorHandler(2, 'include(../Layout/reviewslider.php): Failed to open stream: No such file or directory', 'D:\\xampp\\htdocs\\ecommerce\\app\\Views\\Shop\\page\\homepage.php', 247)
 2 APPPATH\Views\Shop\page\homepage.php(247): include()
 3 SYSTEMPATH\View\View.php(213): include('D:\\xampp\\htdocs\\ecommerce\\app\\Views\\Shop\\page\\homepage.php')
 4 SYSTEMPATH\View\View.php(216): CodeIgniter\View\View->CodeIgniter\View\{closure}()
 5 SYSTEMPATH\Common.php(1184): CodeIgniter\View\View->render('Shop/page/homepage', [], true)
 6 APPPATH\Controllers\Shop\Homepage.php(21): view('Shop/page/homepage', [...])
 7 SYSTEMPATH\CodeIgniter.php(934): App\Controllers\Shop\Homepage->homepage()
 8 SYSTEMPATH\CodeIgniter.php(499): CodeIgniter\CodeIgniter->runController(Object(App\Controllers\Shop\Homepage))
 9 SYSTEMPATH\CodeIgniter.php(368): CodeIgniter\CodeIgniter->handleRequest(null, Object(Config\Cache), false)
10 FCPATH\index.php(67): CodeIgniter\CodeIgniter->run()
INFO - 2024-04-21 08:03:59 --> Session: Class initialized using 'CodeIgniter\Session\Handlers\FileHandler' driver.
CRITICAL - 2024-04-21 08:03:59 --> include(../Layout/reviewslider.php): Failed to open stream: No such file or directory
in APPPATH\Views\Shop\page\homepage.php on line 247.
 1 APPPATH\Views\Shop\page\homepage.php(247): CodeIgniter\Debug\Exceptions->errorHandler(2, 'include(../Layout/reviewslider.php): Failed to open stream: No such file or directory', 'D:\\xampp\\htdocs\\ecommerce\\app\\Views\\Shop\\page\\homepage.php', 247)
 2 APPPATH\Views\Shop\page\homepage.php(247): include()
 3 SYSTEMPATH\View\View.php(213): include('D:\\xampp\\htdocs\\ecommerce\\app\\Views\\Shop\\page\\homepage.php')
 4 SYSTEMPATH\View\View.php(216): CodeIgniter\View\View->CodeIgniter\View\{closure}()
 5 SYSTEMPATH\Common.php(1184): CodeIgniter\View\View->render('Shop/page/homepage', [], true)
 6 APPPATH\Controllers\Shop\Homepage.php(21): view('Shop/page/homepage', [...])
 7 SYSTEMPATH\CodeIgniter.php(934): App\Controllers\Shop\Homepage->homepage()
 8 SYSTEMPATH\CodeIgniter.php(499): CodeIgniter\CodeIgniter->runController(Object(App\Controllers\Shop\Homepage))
 9 SYSTEMPATH\CodeIgniter.php(368): CodeIgniter\CodeIgniter->handleRequest(null, Object(Config\Cache), false)
10 FCPATH\index.php(67): CodeIgniter\CodeIgniter->run()
INFO - 2024-04-21 08:04:00 --> Session: Class initialized using 'CodeIgniter\Session\Handlers\FileHandler' driver.
CRITICAL - 2024-04-21 08:04:00 --> include(../Layout/reviewslider.php): Failed to open stream: No such file or directory
in APPPATH\Views\Shop\page\homepage.php on line 247.
 1 APPPATH\Views\Shop\page\homepage.php(247): CodeIgniter\Debug\Exceptions->errorHandler(2, 'include(../Layout/reviewslider.php): Failed to open stream: No such file or directory', 'D:\\xampp\\htdocs\\ecommerce\\app\\Views\\Shop\\page\\homepage.php', 247)
 2 APPPATH\Views\Shop\page\homepage.php(247): include()
 3 SYSTEMPATH\View\View.php(213): include('D:\\xampp\\htdocs\\ecommerce\\app\\Views\\Shop\\page\\homepage.php')
 4 SYSTEMPATH\View\View.php(216): CodeIgniter\View\View->CodeIgniter\View\{closure}()
 5 SYSTEMPATH\Common.php(1184): CodeIgniter\View\View->render('Shop/page/homepage', [], true)
 6 APPPATH\Controllers\Shop\Homepage.php(21): view('Shop/page/homepage', [...])
 7 SYSTEMPATH\CodeIgniter.php(934): App\Controllers\Shop\Homepage->homepage()
 8 SYSTEMPATH\CodeIgniter.php(499): CodeIgniter\CodeIgniter->runController(Object(App\Controllers\Shop\Homepage))
 9 SYSTEMPATH\CodeIgniter.php(368): CodeIgniter\CodeIgniter->handleRequest(null, Object(Config\Cache), false)
10 FCPATH\index.php(67): CodeIgniter\CodeIgniter->run()
INFO - 2024-04-21 08:04:01 --> Session: Class initialized using 'CodeIgniter\Session\Handlers\FileHandler' driver.
CRITICAL - 2024-04-21 08:04:01 --> include(../Layout/reviewslider.php): Failed to open stream: No such file or directory
in APPPATH\Views\Shop\page\homepage.php on line 247.
 1 APPPATH\Views\Shop\page\homepage.php(247): CodeIgniter\Debug\Exceptions->errorHandler(2, 'include(../Layout/reviewslider.php): Failed to open stream: No such file or directory', 'D:\\xampp\\htdocs\\ecommerce\\app\\Views\\Shop\\page\\homepage.php', 247)
 2 APPPATH\Views\Shop\page\homepage.php(247): include()
 3 SYSTEMPATH\View\View.php(213): include('D:\\xampp\\htdocs\\ecommerce\\app\\Views\\Shop\\page\\homepage.php')
 4 SYSTEMPATH\View\View.php(216): CodeIgniter\View\View->CodeIgniter\View\{closure}()
 5 SYSTEMPATH\Common.php(1184): CodeIgniter\View\View->render('Shop/page/homepage', [], true)
 6 APPPATH\Controllers\Shop\Homepage.php(21): view('Shop/page/homepage', [...])
 7 SYSTEMPATH\CodeIgniter.php(934): App\Controllers\Shop\Homepage->homepage()
 8 SYSTEMPATH\CodeIgniter.php(499): CodeIgniter\CodeIgniter->runController(Object(App\Controllers\Shop\Homepage))
 9 SYSTEMPATH\CodeIgniter.php(368): CodeIgniter\CodeIgniter->handleRequest(null, Object(Config\Cache), false)
10 FCPATH\index.php(67): CodeIgniter\CodeIgniter->run()
INFO - 2024-04-21 08:04:36 --> Session: Class initialized using 'CodeIgniter\Session\Handlers\FileHandler' driver.
CRITICAL - 2024-04-21 08:04:36 --> include(Shop/Layout/reviewslider.php): Failed to open stream: No such file or directory
in APPPATH\Views\Shop\page\homepage.php on line 247.
 1 APPPATH\Views\Shop\page\homepage.php(247): CodeIgniter\Debug\Exceptions->errorHandler(2, 'include(Shop/Layout/reviewslider.php): Failed to open stream: No such file or directory', 'D:\\xampp\\htdocs\\ecommerce\\app\\Views\\Shop\\page\\homepage.php', 247)
 2 APPPATH\Views\Shop\page\homepage.php(247): include()
 3 SYSTEMPATH\View\View.php(213): include('D:\\xampp\\htdocs\\ecommerce\\app\\Views\\Shop\\page\\homepage.php')
 4 SYSTEMPATH\View\View.php(216): CodeIgniter\View\View->CodeIgniter\View\{closure}()
 5 SYSTEMPATH\Common.php(1184): CodeIgniter\View\View->render('Shop/page/homepage', [], true)
 6 APPPATH\Controllers\Shop\Homepage.php(21): view('Shop/page/homepage', [...])
 7 SYSTEMPATH\CodeIgniter.php(934): App\Controllers\Shop\Homepage->homepage()
 8 SYSTEMPATH\CodeIgniter.php(499): CodeIgniter\CodeIgniter->runController(Object(App\Controllers\Shop\Homepage))
 9 SYSTEMPATH\CodeIgniter.php(368): CodeIgniter\CodeIgniter->handleRequest(null, Object(Config\Cache), false)
10 FCPATH\index.php(67): CodeIgniter\CodeIgniter->run()
INFO - 2024-04-21 08:07:09 --> Session: Class initialized using 'CodeIgniter\Session\Handlers\FileHandler' driver.
CRITICAL - 2024-04-21 08:07:10 --> include(app\Views\Shop\reviewslider.php): Failed to open stream: No such file or directory
in APPPATH\Views\Shop\page\homepage.php on line 247.
 1 APPPATH\Views\Shop\page\homepage.php(247): CodeIgniter\Debug\Exceptions->errorHandler(2, 'include(app\\Views\\Shop\\reviewslider.php): Failed to open stream: No such file or directory', 'D:\\xampp\\htdocs\\ecommerce\\app\\Views\\Shop\\page\\homepage.php', 247)
 2 APPPATH\Views\Shop\page\homepage.php(247): include()
 3 SYSTEMPATH\View\View.php(213): include('D:\\xampp\\htdocs\\ecommerce\\app\\Views\\Shop\\page\\homepage.php')
 4 SYSTEMPATH\View\View.php(216): CodeIgniter\View\View->CodeIgniter\View\{closure}()
 5 SYSTEMPATH\Common.php(1184): CodeIgniter\View\View->render('Shop/page/homepage', [], true)
 6 APPPATH\Controllers\Shop\Homepage.php(21): view('Shop/page/homepage', [...])
 7 SYSTEMPATH\CodeIgniter.php(934): App\Controllers\Shop\Homepage->homepage()
 8 SYSTEMPATH\CodeIgniter.php(499): CodeIgniter\CodeIgniter->runController(Object(App\Controllers\Shop\Homepage))
 9 SYSTEMPATH\CodeIgniter.php(368): CodeIgniter\CodeIgniter->handleRequest(null, Object(Config\Cache), false)
10 FCPATH\index.php(67): CodeIgniter\CodeIgniter->run()
INFO - 2024-04-21 08:07:27 --> Session: Class initialized using 'CodeIgniter\Session\Handlers\FileHandler' driver.
CRITICAL - 2024-04-21 08:07:27 --> include(app\Views\Shop\login.php): Failed to open stream: No such file or directory
in APPPATH\Views\Shop\page\homepage.php on line 247.
 1 APPPATH\Views\Shop\page\homepage.php(247): CodeIgniter\Debug\Exceptions->errorHandler(2, 'include(app\\Views\\Shop\\login.php): Failed to open stream: No such file or directory', 'D:\\xampp\\htdocs\\ecommerce\\app\\Views\\Shop\\page\\homepage.php', 247)
 2 APPPATH\Views\Shop\page\homepage.php(247): include()
 3 SYSTEMPATH\View\View.php(213): include('D:\\xampp\\htdocs\\ecommerce\\app\\Views\\Shop\\page\\homepage.php')
 4 SYSTEMPATH\View\View.php(216): CodeIgniter\View\View->CodeIgniter\View\{closure}()
 5 SYSTEMPATH\Common.php(1184): CodeIgniter\View\View->render('Shop/page/homepage', [], true)
 6 APPPATH\Controllers\Shop\Homepage.php(21): view('Shop/page/homepage', [...])
 7 SYSTEMPATH\CodeIgniter.php(934): App\Controllers\Shop\Homepage->homepage()
 8 SYSTEMPATH\CodeIgniter.php(499): CodeIgniter\CodeIgniter->runController(Object(App\Controllers\Shop\Homepage))
 9 SYSTEMPATH\CodeIgniter.php(368): CodeIgniter\CodeIgniter->handleRequest(null, Object(Config\Cache), false)
10 FCPATH\index.php(67): CodeIgniter\CodeIgniter->run()
INFO - 2024-04-21 08:08:18 --> Session: Class initialized using 'CodeIgniter\Session\Handlers\FileHandler' driver.
INFO - 2024-04-21 08:08:29 --> Session: Class initialized using 'CodeIgniter\Session\Handlers\FileHandler' driver.
CRITICAL - 2024-04-21 08:08:29 --> Call to undefined function html_escape()
in APPPATH\Views\Shop\Layout\reviewslider.php on line 10.
 1 APPPATH\Views\Shop\page\homepage.php(247): include()
 2 SYSTEMPATH\View\View.php(213): include('D:\\xampp\\htdocs\\ecommerce\\app\\Views\\Shop\\page\\homepage.php')
 3 SYSTEMPATH\View\View.php(216): CodeIgniter\View\View->CodeIgniter\View\{closure}()
 4 SYSTEMPATH\Common.php(1184): CodeIgniter\View\View->render('Shop/page/homepage', [], true)
 5 APPPATH\Controllers\Shop\Homepage.php(21): view('Shop/page/homepage', [...])
 6 SYSTEMPATH\CodeIgniter.php(934): App\Controllers\Shop\Homepage->homepage()
 7 SYSTEMPATH\CodeIgniter.php(499): CodeIgniter\CodeIgniter->runController(Object(App\Controllers\Shop\Homepage))
 8 SYSTEMPATH\CodeIgniter.php(368): CodeIgniter\CodeIgniter->handleRequest(null, Object(Config\Cache), false)
 9 FCPATH\index.php(67): CodeIgniter\CodeIgniter->run()
INFO - 2024-04-21 08:10:29 --> Session: Class initialized using 'CodeIgniter\Session\Handlers\FileHandler' driver.
CRITICAL - 2024-04-21 08:10:29 --> Undefined property: CodeIgniter\View\View::$load
in APPPATH\Views\Shop\Layout\reviewslider.php on line 13.
 1 APPPATH\Views\Shop\Layout\reviewslider.php(13): CodeIgniter\Debug\Exceptions->errorHandler(2, 'Undefined property: CodeIgniter\\View\\View::$load', 'D:\\xampp\\htdocs\\ecommerce\\app\\Views\\Shop\\Layout\\reviewslider.php', 13)
 2 APPPATH\Views\Shop\page\homepage.php(247): include('D:\\xampp\\htdocs\\ecommerce\\app\\Views\\Shop\\Layout\\reviewslider.php')
 3 SYSTEMPATH\View\View.php(213): include('D:\\xampp\\htdocs\\ecommerce\\app\\Views\\Shop\\page\\homepage.php')
 4 SYSTEMPATH\View\View.php(216): CodeIgniter\View\View->CodeIgniter\View\{closure}()
 5 SYSTEMPATH\Common.php(1184): CodeIgniter\View\View->render('Shop/page/homepage', [], true)
 6 APPPATH\Controllers\Shop\Homepage.php(21): view('Shop/page/homepage', [...])
 7 SYSTEMPATH\CodeIgniter.php(934): App\Controllers\Shop\Homepage->homepage()
 8 SYSTEMPATH\CodeIgniter.php(499): CodeIgniter\CodeIgniter->runController(Object(App\Controllers\Shop\Homepage))
 9 SYSTEMPATH\CodeIgniter.php(368): CodeIgniter\CodeIgniter->handleRequest(null, Object(Config\Cache), false)
10 FCPATH\index.php(67): CodeIgniter\CodeIgniter->run()
INFO - 2024-04-21 08:11:54 --> Session: Class initialized using 'CodeIgniter\Session\Handlers\FileHandler' driver.
INFO - 2024-04-21 08:12:30 --> Session: Class initialized using 'CodeIgniter\Session\Handlers\FileHandler' driver.
CRITICAL - 2024-04-21 08:12:30 --> Undefined variable $item
in APPPATH\Views\Shop\Layout\reviewslider.php on line 24.
 1 APPPATH\Views\Shop\Layout\reviewslider.php(24): CodeIgniter\Debug\Exceptions->errorHandler(2, 'Undefined variable $item', 'D:\\xampp\\htdocs\\ecommerce\\app\\Views\\Shop\\Layout\\reviewslider.php', 24)
 2 APPPATH\Views\Shop\page\homepage.php(247): include('D:\\xampp\\htdocs\\ecommerce\\app\\Views\\Shop\\Layout\\reviewslider.php')
 3 SYSTEMPATH\View\View.php(213): include('D:\\xampp\\htdocs\\ecommerce\\app\\Views\\Shop\\page\\homepage.php')
 4 SYSTEMPATH\View\View.php(216): CodeIgniter\View\View->CodeIgniter\View\{closure}()
 5 SYSTEMPATH\Common.php(1184): CodeIgniter\View\View->render('Shop/page/homepage', [], true)
 6 APPPATH\Controllers\Shop\Homepage.php(21): view('Shop/page/homepage', [...])
 7 SYSTEMPATH\CodeIgniter.php(934): App\Controllers\Shop\Homepage->homepage()
 8 SYSTEMPATH\CodeIgniter.php(499): CodeIgniter\CodeIgniter->runController(Object(App\Controllers\Shop\Homepage))
 9 SYSTEMPATH\CodeIgniter.php(368): CodeIgniter\CodeIgniter->handleRequest(null, Object(Config\Cache), false)
10 FCPATH\index.php(67): CodeIgniter\CodeIgniter->run()
INFO - 2024-04-21 08:12:51 --> Session: Class initialized using 'CodeIgniter\Session\Handlers\FileHandler' driver.
INFO - 2024-04-21 08:14:25 --> Session: Class initialized using 'CodeIgniter\Session\Handlers\FileHandler' driver.
INFO - 2024-04-21 08:14:49 --> Session: Class initialized using 'CodeIgniter\Session\Handlers\FileHandler' driver.
INFO - 2024-04-21 08:15:01 --> Session: Class initialized using 'CodeIgniter\Session\Handlers\FileHandler' driver.
INFO - 2024-04-21 08:15:10 --> Session: Class initialized using 'CodeIgniter\Session\Handlers\FileHandler' driver.
INFO - 2024-04-21 08:16:35 --> Session: Class initialized using 'CodeIgniter\Session\Handlers\FileHandler' driver.
INFO - 2024-04-21 08:18:31 --> Session: Class initialized using 'CodeIgniter\Session\Handlers\FileHandler' driver.
INFO - 2024-04-21 08:19:00 --> Session: Class initialized using 'CodeIgniter\Session\Handlers\FileHandler' driver.
INFO - 2024-04-21 08:19:14 --> Session: Class initialized using 'CodeIgniter\Session\Handlers\FileHandler' driver.
INFO - 2024-04-21 08:19:22 --> Session: Class initialized using 'CodeIgniter\Session\Handlers\FileHandler' driver.
