CRITICAL - 2023-04-08 12:33:42 --> Invalid file: "Layout/layout.php"
in SYSTEMPATH\Exceptions\FrameworkException.php on line 33.
 1 SYSTEMPATH\View\View.php(201): CodeIgniter\Exceptions\FrameworkException::forInvalidFile('Layout/layout.php')
 2 SYSTEMPATH\View\View.php(229): CodeIgniter\View\View->render('Layout/layout', [], true)
 3 SYSTEMPATH\Common.php(1184): CodeIgniter\View\View->render('Shop/Homepage/ProductSlider', [], true)
 4 APPPATH\Controllers\Shop\Homepage.php(9): view('Shop/Homepage/ProductSlider')
 5 SYSTEMPATH\CodeIgniter.php(934): App\Controllers\Shop\Homepage->homepage()
 6 SYSTEMPATH\CodeIgniter.php(499): CodeIgniter\CodeIgniter->runController(Object(App\Controllers\Shop\Homepage))
 7 SYSTEMPATH\CodeIgniter.php(368): CodeIgniter\CodeIgniter->handleRequest(null, Object(Config\Cache), false)
 8 FCPATH\index.php(67): CodeIgniter\CodeIgniter->run()
CRITICAL - 2023-04-08 12:33:59 --> Invalid file: "../Layout/layout.php"
in SYSTEMPATH\Exceptions\FrameworkException.php on line 33.
 1 SYSTEMPATH\View\View.php(201): CodeIgniter\Exceptions\FrameworkException::forInvalidFile('../Layout/layout.php')
 2 SYSTEMPATH\View\View.php(229): CodeIgniter\View\View->render('../Layout/layout', [], true)
 3 SYSTEMPATH\Common.php(1184): CodeIgniter\View\View->render('Shop/Homepage/ProductSlider', [], true)
 4 APPPATH\Controllers\Shop\Homepage.php(9): view('Shop/Homepage/ProductSlider')
 5 SYSTEMPATH\CodeIgniter.php(934): App\Controllers\Shop\Homepage->homepage()
 6 SYSTEMPATH\CodeIgniter.php(499): CodeIgniter\CodeIgniter->runController(Object(App\Controllers\Shop\Homepage))
 7 SYSTEMPATH\CodeIgniter.php(368): CodeIgniter\CodeIgniter->handleRequest(null, Object(Config\Cache), false)
 8 FCPATH\index.php(67): CodeIgniter\CodeIgniter->run()
CRITICAL - 2023-04-08 12:35:29 --> Invalid file: "Shop/Homepage/ProductSlider.php"
in SYSTEMPATH\Exceptions\FrameworkException.php on line 33.
 1 SYSTEMPATH\View\View.php(201): CodeIgniter\Exceptions\FrameworkException::forInvalidFile('Shop/Homepage/ProductSlider.php')
 2 SYSTEMPATH\Common.php(1184): CodeIgniter\View\View->render('Shop/Homepage/ProductSlider', [], true)
 3 APPPATH\Controllers\Shop\Homepage.php(9): view('Shop/Homepage/ProductSlider')
 4 SYSTEMPATH\CodeIgniter.php(934): App\Controllers\Shop\Homepage->homepage()
 5 SYSTEMPATH\CodeIgniter.php(499): CodeIgniter\CodeIgniter->runController(Object(App\Controllers\Shop\Homepage))
 6 SYSTEMPATH\CodeIgniter.php(368): CodeIgniter\CodeIgniter->handleRequest(null, Object(Config\Cache), false)
 7 FCPATH\index.php(67): CodeIgniter\CodeIgniter->run()
CRITICAL - 2023-04-08 12:35:36 --> Invalid file: "Shop/Homepage/ProductSlider.php"
in SYSTEMPATH\Exceptions\FrameworkException.php on line 33.
 1 SYSTEMPATH\View\View.php(201): CodeIgniter\Exceptions\FrameworkException::forInvalidFile('Shop/Homepage/ProductSlider.php')
 2 SYSTEMPATH\Common.php(1184): CodeIgniter\View\View->render('Shop/Homepage/ProductSlider', [], true)
 3 APPPATH\Controllers\Shop\Homepage.php(9): view('Shop/Homepage/ProductSlider')
 4 SYSTEMPATH\CodeIgniter.php(934): App\Controllers\Shop\Homepage->homepage()
 5 SYSTEMPATH\CodeIgniter.php(499): CodeIgniter\CodeIgniter->runController(Object(App\Controllers\Shop\Homepage))
 6 SYSTEMPATH\CodeIgniter.php(368): CodeIgniter\CodeIgniter->handleRequest(null, Object(Config\Cache), false)
 7 FCPATH\index.php(67): CodeIgniter\CodeIgniter->run()
