CRITICAL - 2023-03-29 17:15:35 --> include(../Admin/Sidebar.php): Failed to open stream: No such file or directory
in APPPATH\Views\Admin\Layouts\Layout.php on line 78.
 1 APPPATH\Views\Admin\Layouts\Layout.php(78): CodeIgniter\Debug\Exceptions->errorHandler(2, 'include(../Admin/Sidebar.php): Failed to open stream: No such file or directory', 'D:\\xampp\\htdocs\\ecommerce\\app\\Views\\Admin\\Layouts\\Layout.php', 78)
 2 APPPATH\Views\Admin\Layouts\Layout.php(78): include()
 3 SYSTEMPATH\View\View.php(213): include('D:\\xampp\\htdocs\\ecommerce\\app\\Views\\Admin\\Layouts\\Layout.php')
 4 SYSTEMPATH\View\View.php(216): CodeIgniter\View\View->CodeIgniter\View\{closure}()
 5 SYSTEMPATH\View\View.php(229): CodeIgniter\View\View->render('Admin/Layouts/Layout', [], true)
 6 SYSTEMPATH\Common.php(1184): CodeIgniter\View\View->render('Admin/Views/Dashboard/Dashboard', [], true)
 7 APPPATH\Controllers\Admin\Dashboard.php(9): view('Admin/Views/Dashboard/Dashboard')
 8 SYSTEMPATH\CodeIgniter.php(934): App\Controllers\Admin\Dashboard->dashboard()
 9 SYSTEMPATH\CodeIgniter.php(499): CodeIgniter\CodeIgniter->runController(Object(App\Controllers\Admin\Dashboard))
10 SYSTEMPATH\CodeIgniter.php(368): CodeIgniter\CodeIgniter->handleRequest(null, Object(Config\Cache), false)
11 FCPATH\index.php(67): CodeIgniter\CodeIgniter->run()
CRITICAL - 2023-03-29 17:17:08 --> include(../Sidebar.php): Failed to open stream: No such file or directory
in APPPATH\Views\Admin\Layouts\Layout.php on line 78.
 1 APPPATH\Views\Admin\Layouts\Layout.php(78): CodeIgniter\Debug\Exceptions->errorHandler(2, 'include(../Sidebar.php): Failed to open stream: No such file or directory', 'D:\\xampp\\htdocs\\ecommerce\\app\\Views\\Admin\\Layouts\\Layout.php', 78)
 2 APPPATH\Views\Admin\Layouts\Layout.php(78): include()
 3 SYSTEMPATH\View\View.php(213): include('D:\\xampp\\htdocs\\ecommerce\\app\\Views\\Admin\\Layouts\\Layout.php')
 4 SYSTEMPATH\View\View.php(216): CodeIgniter\View\View->CodeIgniter\View\{closure}()
 5 SYSTEMPATH\View\View.php(229): CodeIgniter\View\View->render('Admin/Layouts/Layout', [], true)
 6 SYSTEMPATH\Common.php(1184): CodeIgniter\View\View->render('Admin/Views/Dashboard/Dashboard', [], true)
 7 APPPATH\Controllers\Admin\Dashboard.php(9): view('Admin/Views/Dashboard/Dashboard')
 8 SYSTEMPATH\CodeIgniter.php(934): App\Controllers\Admin\Dashboard->dashboard()
 9 SYSTEMPATH\CodeIgniter.php(499): CodeIgniter\CodeIgniter->runController(Object(App\Controllers\Admin\Dashboard))
10 SYSTEMPATH\CodeIgniter.php(368): CodeIgniter\CodeIgniter->handleRequest(null, Object(Config\Cache), false)
11 FCPATH\index.php(67): CodeIgniter\CodeIgniter->run()
